# JRE version: OpenJDK Runtime Environment (8.0_152-b02) (build 1.8.0_152-release-1024-b02)
# Java VM: OpenJDK 64-Bit Server VM (25.152-b02 mixed mode windows-amd64 compressed oops)
Heap:
 PSYoungGen      total 136192K, used 25032K [0x00000000e0000000, 0x00000000eb800000, 0x0000000100000000)
  eden space 122880K, 9% used [0x00000000e0000000,0x00000000e0b79a08,0x00000000e7800000)
  from space 13312K, 99% used [0x00000000e7800000,0x00000000e84f8620,0x00000000e8500000)
  to   space 15360K, 0% used [0x00000000ea900000,0x00000000ea900000,0x00000000eb800000)
 ParOldGen       total 58880K, used 18079K [0x00000000a0000000, 0x00000000a3980000, 0x00000000e0000000)
  object space 58880K, 30% used [0x00000000a0000000,0x00000000a11a7ee8,0x00000000a3980000)
 Metaspace       used 45737K, capacity 46830K, committed 46976K, reserved 1089536K
  class space    used 6154K, capacity 6485K, committed 6528K, reserved 1048576K
GC Heap History (10 events):
Event: 7.204 GC heap before
{Heap before GC invocations=9 (full 1):
 PSYoungGen      total 72192K, used 64512K [0x00000000e0000000, 0x00000000e8e00000, 0x0000000100000000)
  eden space 64512K, 100% used [0x00000000e0000000,0x00000000e3f00000,0x00000000e3f00000)
  from space 7680K, 0% used [0x00000000e3f00000,0x00000000e3f00000,0x00000000e4680000)
  to   space 8192K, 0% used [0x00000000e8600000,0x00000000e8600000,0x00000000e8e00000)
 ParOldGen       total 36864K, used 8953K [0x00000000a0000000, 0x00000000a2400000, 0x00000000e0000000)
  object space 36864K, 24% used [0x00000000a0000000,0x00000000a08be6c0,0x00000000a2400000)
 Metaspace       used 27915K, capacity 28364K, committed 28544K, reserved 1073152K
  class space    used 3784K, capacity 3951K, committed 3968K, reserved 1048576K
Event: 7.213 GC heap after
Heap after GC invocations=9 (full 1):
 PSYoungGen      total 104960K, used 7705K [0x00000000e0000000, 0x00000000e8e00000, 0x0000000100000000)
  eden space 96768K, 0% used [0x00000000e0000000,0x00000000e0000000,0x00000000e5e80000)
  from space 8192K, 94% used [0x00000000e8600000,0x00000000e8d86578,0x00000000e8e00000)
  to   space 9216K, 0% used [0x00000000e7c00000,0x00000000e7c00000,0x00000000e8500000)
 ParOldGen       total 36864K, used 8961K [0x00000000a0000000, 0x00000000a2400000, 0x00000000e0000000)
  object space 36864K, 24% used [0x00000000a0000000,0x00000000a08c06c0,0x00000000a2400000)
 Metaspace       used 27915K, capacity 28364K, committed 28544K, reserved 1073152K
  class space    used 3784K, capacity 3951K, committed 3968K, reserved 1048576K
}
Event: 10.464 GC heap before
{Heap before GC invocations=10 (full 1):
 PSYoungGen      total 104960K, used 104473K [0x00000000e0000000, 0x00000000e8e00000, 0x0000000100000000)
  eden space 96768K, 100% used [0x00000000e0000000,0x00000000e5e80000,0x00000000e5e80000)
  from space 8192K, 94% used [0x00000000e8600000,0x00000000e8d86578,0x00000000e8e00000)
  to   space 9216K, 0% used [0x00000000e7c00000,0x00000000e7c00000,0x00000000e8500000)
 ParOldGen       total 36864K, used 8961K [0x00000000a0000000, 0x00000000a2400000, 0x00000000e0000000)
  object space 36864K, 24% used [0x00000000a0000000,0x00000000a08c06c0,0x00000000a2400000)
 Metaspace       used 33912K, capacity 34686K, committed 34944K, reserved 1079296K
  class space    used 4641K, capacity 4920K, committed 4992K, reserved 1048576K
Event: 10.481 GC heap after
Heap after GC invocations=10 (full 1):
 PSYoungGen      total 132608K, used 9189K [0x00000000e0000000, 0x00000000e9080000, 0x0000000100000000)
  eden space 123392K, 0% used [0x00000000e0000000,0x00000000e0000000,0x00000000e7880000)
  from space 9216K, 99% used [0x00000000e7c00000,0x00000000e84f9410,0x00000000e8500000)
  to   space 11776K, 0% used [0x00000000e8500000,0x00000000e8500000,0x00000000e9080000)
 ParOldGen       total 36864K, used 13326K [0x00000000a0000000, 0x00000000a2400000, 0x00000000e0000000)
  object space 36864K, 36% used [0x00000000a0000000,0x00000000a0d038e0,0x00000000a2400000)
 Metaspace       used 33912K, capacity 34686K, committed 34944K, reserved 1079296K
  class space    used 4641K, capacity 4920K, committed 4992K, reserved 1048576K
}
Event: 15.605 GC heap before
{Heap before GC invocations=11 (full 1):
 PSYoungGen      total 132608K, used 21802K [0x00000000e0000000, 0x00000000e9080000, 0x0000000100000000)
  eden space 123392K, 10% used [0x00000000e0000000,0x00000000e0c51598,0x00000000e7880000)
  from space 9216K, 99% used [0x00000000e7c00000,0x00000000e84f9410,0x00000000e8500000)
  to   space 11776K, 0% used [0x00000000e8500000,0x00000000e8500000,0x00000000e9080000)
 ParOldGen       total 36864K, used 13326K [0x00000000a0000000, 0x00000000a2400000, 0x00000000e0000000)
  object space 36864K, 36% used [0x00000000a0000000,0x00000000a0d038e0,0x00000000a2400000)
 Metaspace       used 34473K, capacity 35220K, committed 35416K, reserved 1079296K
  class space    used 4715K, capacity 4994K, committed 5120K, reserved 1048576K
Event: 15.619 GC heap after
Heap after GC invocations=11 (full 1):
 PSYoungGen      total 134656K, used 10268K [0x00000000e0000000, 0x00000000eaf80000, 0x0000000100000000)
  eden space 122880K, 0% used [0x00000000e0000000,0x00000000e0000000,0x00000000e7800000)
  from space 11776K, 87% used [0x00000000e8500000,0x00000000e8f070d0,0x00000000e9080000)
  to   space 13312K, 0% used [0x00000000e7800000,0x00000000e7800000,0x00000000e8500000)
 ParOldGen       total 36864K, used 13334K [0x00000000a0000000, 0x00000000a2400000, 0x00000000e0000000)
  object space 36864K, 36% used [0x00000000a0000000,0x00000000a0d058e0,0x00000000a2400000)
 Metaspace       used 34473K, capacity 35220K, committed 35416K, reserved 1079296K
  class space    used 4715K, capacity 4994K, committed 5120K, reserved 1048576K
}
Event: 15.619 GC heap before
{Heap before GC invocations=12 (full 2):
 PSYoungGen      total 134656K, used 10268K [0x00000000e0000000, 0x00000000eaf80000, 0x0000000100000000)
  eden space 122880K, 0% used [0x00000000e0000000,0x00000000e0000000,0x00000000e7800000)
  from space 11776K, 87% used [0x00000000e8500000,0x00000000e8f070d0,0x00000000e9080000)
  to   space 13312K, 0% used [0x00000000e7800000,0x00000000e7800000,0x00000000e8500000)
 ParOldGen       total 36864K, used 13334K [0x00000000a0000000, 0x00000000a2400000, 0x00000000e0000000)
  object space 36864K, 36% used [0x00000000a0000000,0x00000000a0d058e0,0x00000000a2400000)
 Metaspace       used 34473K, capacity 35220K, committed 35416K, reserved 1079296K
  class space    used 4715K, capacity 4994K, committed 5120K, reserved 1048576K
Event: 15.706 GC heap after
Heap after GC invocations=12 (full 2):
 PSYoungGen      total 134656K, used 0K [0x00000000e0000000, 0x00000000eaf80000, 0x0000000100000000)
  eden space 122880K, 0% used [0x00000000e0000000,0x00000000e0000000,0x00000000e7800000)
  from space 11776K, 0% used [0x00000000e8500000,0x00000000e8500000,0x00000000e9080000)
  to   space 13312K, 0% used [0x00000000e7800000,0x00000000e7800000,0x00000000e8500000)
 ParOldGen       total 58880K, used 16754K [0x00000000a0000000, 0x00000000a3980000, 0x00000000e0000000)
  object space 58880K, 28% used [0x00000000a0000000,0x00000000a105cbd8,0x00000000a3980000)
 Metaspace       used 34422K, capacity 35088K, committed 35416K, reserved 1079296K
  class space    used 4702K, capacity 4950K, committed 5120K, reserved 1048576K
}
Event: 17.745 GC heap before
{Heap before GC invocations=13 (full 2):
 PSYoungGen      total 134656K, used 122880K [0x00000000e0000000, 0x00000000eaf80000, 0x0000000100000000)
  eden space 122880K, 100% used [0x00000000e0000000,0x00000000e7800000,0x00000000e7800000)
  from space 11776K, 0% used [0x00000000e8500000,0x00000000e8500000,0x00000000e9080000)
  to   space 13312K, 0% used [0x00000000e7800000,0x00000000e7800000,0x00000000e8500000)
 ParOldGen       total 58880K, used 16754K [0x00000000a0000000, 0x00000000a3980000, 0x00000000e0000000)
  object space 58880K, 28% used [0x00000000a0000000,0x00000000a105cbd8,0x00000000a3980000)
 Metaspace       used 44586K, capacity 45618K, committed 45824K, reserved 1089536K
  class space    used 6001K, capacity 6319K, committed 6400K, reserved 1048576K
Event: 17.772 GC heap after
Heap after GC invocations=13 (full 2):
 PSYoungGen      total 136192K, used 13281K [0x00000000e0000000, 0x00000000eb800000, 0x0000000100000000)
  eden space 122880K, 0% used [0x00000000e0000000,0x00000000e0000000,0x00000000e7800000)
  from space 13312K, 99% used [0x00000000e7800000,0x00000000e84f8620,0x00000000e8500000)
  to   space 15360K, 0% used [0x00000000ea900000,0x00000000ea900000,0x00000000eb800000)
 ParOldGen       total 58880K, used 18079K [0x00000000a0000000, 0x00000000a3980000, 0x00000000e0000000)
  object space 58880K, 30% used [0x00000000a0000000,0x00000000a11a7ee8,0x00000000a3980000)
 Metaspace       used 44586K, capacity 45618K, committed 45824K, reserved 1089536K
  class space    used 6001K, capacity 6319K, committed 6400K, reserved 1048576K
}

