# JRE version: OpenJDK Runtime Environment (8.0_152-b02) (build 1.8.0_152-release-1024-b02)
# Java VM: OpenJDK 64-Bit Server VM (25.152-b02 mixed mode windows-amd64 compressed oops)
Heap:
 PSYoungGen      total 207872K, used 12385K [0x00000000e0000000, 0x00000000ed880000, 0x0000000100000000)
  eden space 195072K, 6% used [0x00000000e0000000,0x00000000e0c18600,0x00000000ebe80000)
  from space 12800K, 0% used [0x00000000ebf80000,0x00000000ebf80000,0x00000000ecc00000)
  to   space 11264K, 0% used [0x00000000ecd80000,0x00000000ecd80000,0x00000000ed880000)
 ParOldGen       total 63488K, used 25092K [0x00000000a0000000, 0x00000000a3e00000, 0x00000000e0000000)
  object space 63488K, 39% used [0x00000000a0000000,0x00000000a18811c0,0x00000000a3e00000)
 Metaspace       used 48045K, capacity 49084K, committed 49496K, reserved 1091584K
  class space    used 6334K, capacity 6659K, committed 6784K, reserved 1048576K
GC Heap History (10 events):
Event: 42.917 GC heap before
{Heap before GC invocations=12 (full 2):
 PSYoungGen      total 135680K, used 126976K [0x00000000e0000000, 0x00000000eac00000, 0x0000000100000000)
  eden space 126976K, 100% used [0x00000000e0000000,0x00000000e7c00000,0x00000000e7c00000)
  from space 8704K, 0% used [0x00000000e7c00000,0x00000000e7c00000,0x00000000e8480000)
  to   space 12288K, 0% used [0x00000000ea000000,0x00000000ea000000,0x00000000eac00000)
 ParOldGen       total 55808K, used 21238K [0x00000000a0000000, 0x00000000a3680000, 0x00000000e0000000)
  object space 55808K, 38% used [0x00000000a0000000,0x00000000a14bd9b8,0x00000000a3680000)
 Metaspace       used 39339K, capacity 40158K, committed 40536K, reserved 1085440K
  class space    used 5235K, capacity 5500K, committed 5504K, reserved 1048576K
Event: 42.941 GC heap after
Heap after GC invocations=12 (full 2):
 PSYoungGen      total 164352K, used 3923K [0x00000000e0000000, 0x00000000ebe00000, 0x0000000100000000)
  eden space 152064K, 0% used [0x00000000e0000000,0x00000000e0000000,0x00000000e9480000)
  from space 12288K, 31% used [0x00000000ea000000,0x00000000ea3d4c30,0x00000000eac00000)
  to   space 11776K, 0% used [0x00000000e9480000,0x00000000e9480000,0x00000000ea000000)
 ParOldGen       total 55808K, used 21310K [0x00000000a0000000, 0x00000000a3680000, 0x00000000e0000000)
  object space 55808K, 38% used [0x00000000a0000000,0x00000000a14cf9c8,0x00000000a3680000)
 Metaspace       used 39339K, capacity 40158K, committed 40536K, reserved 1085440K
  class space    used 5235K, capacity 5500K, committed 5504K, reserved 1048576K
}
Event: 56.055 GC heap before
{Heap before GC invocations=13 (full 2):
 PSYoungGen      total 164352K, used 155987K [0x00000000e0000000, 0x00000000ebe00000, 0x0000000100000000)
  eden space 152064K, 100% used [0x00000000e0000000,0x00000000e9480000,0x00000000e9480000)
  from space 12288K, 31% used [0x00000000ea000000,0x00000000ea3d4c30,0x00000000eac00000)
  to   space 11776K, 0% used [0x00000000e9480000,0x00000000e9480000,0x00000000ea000000)
 ParOldGen       total 55808K, used 21310K [0x00000000a0000000, 0x00000000a3680000, 0x00000000e0000000)
  object space 55808K, 38% used [0x00000000a0000000,0x00000000a14cf9c8,0x00000000a3680000)
 Metaspace       used 39379K, capacity 40158K, committed 40536K, reserved 1085440K
  class space    used 5235K, capacity 5500K, committed 5504K, reserved 1048576K
Event: 56.066 GC heap after
Heap after GC invocations=13 (full 2):
 PSYoungGen      total 163840K, used 4480K [0x00000000e0000000, 0x00000000ed900000, 0x0000000100000000)
  eden space 152064K, 0% used [0x00000000e0000000,0x00000000e0000000,0x00000000e9480000)
  from space 11776K, 38% used [0x00000000e9480000,0x00000000e98e0010,0x00000000ea000000)
  to   space 11776K, 0% used [0x00000000ecd80000,0x00000000ecd80000,0x00000000ed900000)
 ParOldGen       total 55808K, used 23457K [0x00000000a0000000, 0x00000000a3680000, 0x00000000e0000000)
  object space 55808K, 42% used [0x00000000a0000000,0x00000000a16e8710,0x00000000a3680000)
 Metaspace       used 39379K, capacity 40158K, committed 40536K, reserved 1085440K
  class space    used 5235K, capacity 5500K, committed 5504K, reserved 1048576K
}
Event: 62.952 GC heap before
{Heap before GC invocations=14 (full 2):
 PSYoungGen      total 163840K, used 156544K [0x00000000e0000000, 0x00000000ed900000, 0x0000000100000000)
  eden space 152064K, 100% used [0x00000000e0000000,0x00000000e9480000,0x00000000e9480000)
  from space 11776K, 38% used [0x00000000e9480000,0x00000000e98e0010,0x00000000ea000000)
  to   space 11776K, 0% used [0x00000000ecd80000,0x00000000ecd80000,0x00000000ed900000)
 ParOldGen       total 55808K, used 23457K [0x00000000a0000000, 0x00000000a3680000, 0x00000000e0000000)
  object space 55808K, 42% used [0x00000000a0000000,0x00000000a16e8710,0x00000000a3680000)
 Metaspace       used 47025K, capacity 48060K, committed 48472K, reserved 1091584K
  class space    used 6196K, capacity 6494K, committed 6528K, reserved 1048576K
Event: 62.981 GC heap after
Heap after GC invocations=14 (full 2):
 PSYoungGen      total 206336K, used 10883K [0x00000000e0000000, 0x00000000ed880000, 0x0000000100000000)
  eden space 195072K, 0% used [0x00000000e0000000,0x00000000e0000000,0x00000000ebe80000)
  from space 11264K, 96% used [0x00000000ecd80000,0x00000000ed820c80,0x00000000ed880000)
  to   space 12800K, 0% used [0x00000000ebf80000,0x00000000ebf80000,0x00000000ecc00000)
 ParOldGen       total 55808K, used 23571K [0x00000000a0000000, 0x00000000a3680000, 0x00000000e0000000)
  object space 55808K, 42% used [0x00000000a0000000,0x00000000a1704cf8,0x00000000a3680000)
 Metaspace       used 47025K, capacity 48060K, committed 48472K, reserved 1091584K
  class space    used 6196K, capacity 6494K, committed 6528K, reserved 1048576K
}
Event: 63.141 GC heap before
{Heap before GC invocations=15 (full 2):
 PSYoungGen      total 206336K, used 25374K [0x00000000e0000000, 0x00000000ed880000, 0x0000000100000000)
  eden space 195072K, 7% used [0x00000000e0000000,0x00000000e0e26e48,0x00000000ebe80000)
  from space 11264K, 96% used [0x00000000ecd80000,0x00000000ed820c80,0x00000000ed880000)
  to   space 12800K, 0% used [0x00000000ebf80000,0x00000000ebf80000,0x00000000ecc00000)
 ParOldGen       total 55808K, used 23571K [0x00000000a0000000, 0x00000000a3680000, 0x00000000e0000000)
  object space 55808K, 42% used [0x00000000a0000000,0x00000000a1704cf8,0x00000000a3680000)
 Metaspace       used 47504K, capacity 48418K, committed 48728K, reserved 1091584K
  class space    used 6256K, capacity 6527K, committed 6528K, reserved 1048576K
Event: 63.162 GC heap after
Heap after GC invocations=15 (full 2):
 PSYoungGen      total 207872K, used 7356K [0x00000000e0000000, 0x00000000ed880000, 0x0000000100000000)
  eden space 195072K, 0% used [0x00000000e0000000,0x00000000e0000000,0x00000000ebe80000)
  from space 12800K, 57% used [0x00000000ebf80000,0x00000000ec6af260,0x00000000ecc00000)
  to   space 11264K, 0% used [0x00000000ecd80000,0x00000000ecd80000,0x00000000ed880000)
 ParOldGen       total 55808K, used 23579K [0x00000000a0000000, 0x00000000a3680000, 0x00000000e0000000)
  object space 55808K, 42% used [0x00000000a0000000,0x00000000a1706cf8,0x00000000a3680000)
 Metaspace       used 47504K, capacity 48418K, committed 48728K, reserved 1091584K
  class space    used 6256K, capacity 6527K, committed 6528K, reserved 1048576K
}
Event: 63.162 GC heap before
{Heap before GC invocations=16 (full 3):
 PSYoungGen      total 207872K, used 7356K [0x00000000e0000000, 0x00000000ed880000, 0x0000000100000000)
  eden space 195072K, 0% used [0x00000000e0000000,0x00000000e0000000,0x00000000ebe80000)
  from space 12800K, 57% used [0x00000000ebf80000,0x00000000ec6af260,0x00000000ecc00000)
  to   space 11264K, 0% used [0x00000000ecd80000,0x00000000ecd80000,0x00000000ed880000)
 ParOldGen       total 55808K, used 23579K [0x00000000a0000000, 0x00000000a3680000, 0x00000000e0000000)
  object space 55808K, 42% used [0x00000000a0000000,0x00000000a1706cf8,0x00000000a3680000)
 Metaspace       used 47504K, capacity 48418K, committed 48728K, reserved 1091584K
  class space    used 6256K, capacity 6527K, committed 6528K, reserved 1048576K
Event: 63.368 GC heap after
Heap after GC invocations=16 (full 3):
 PSYoungGen      total 207872K, used 0K [0x00000000e0000000, 0x00000000ed880000, 0x0000000100000000)
  eden space 195072K, 0% used [0x00000000e0000000,0x00000000e0000000,0x00000000ebe80000)
  from space 12800K, 0% used [0x00000000ebf80000,0x00000000ebf80000,0x00000000ecc00000)
  to   space 11264K, 0% used [0x00000000ecd80000,0x00000000ecd80000,0x00000000ed880000)
 ParOldGen       total 63488K, used 25092K [0x00000000a0000000, 0x00000000a3e00000, 0x00000000e0000000)
  object space 63488K, 39% used [0x00000000a0000000,0x00000000a18811c0,0x00000000a3e00000)
 Metaspace       used 47461K, capacity 48306K, committed 48728K, reserved 1091584K
  class space    used 6243K, capacity 6512K, committed 6528K, reserved 1048576K
}

