# JRE version: OpenJDK Runtime Environment (8.0_152-b02) (build 1.8.0_152-release-1024-b02)
# Java VM: OpenJDK 64-Bit Server VM (25.152-b02 mixed mode windows-amd64 compressed oops)
Heap:
 PSYoungGen      total 72704K, used 72551K [0x00000000e0000000, 0x00000000e6580000, 0x0000000100000000)
  eden space 65536K, 100% used [0x00000000e0000000,0x00000000e4000000,0x00000000e4000000)
  from space 7168K, 97% used [0x00000000e4000000,0x00000000e46d9fa8,0x00000000e4700000)
  to   space 7680K, 90% used [0x00000000e5e00000,0x00000000e64cc030,0x00000000e6580000)
 ParOldGen       total 34816K, used 9626K [0x00000000a0000000, 0x00000000a2200000, 0x00000000e0000000)
  object space 34816K, 27% used [0x00000000a0000000,0x00000000a09669a0,0x00000000a2200000)
 Metaspace       used 30273K, capacity 30960K, committed 31104K, reserved 1075200K
  class space    used 4253K, capacity 4449K, committed 4480K, reserved 1048576K
GC Heap History (10 events):
Event: 3.232 GC heap after
Heap after GC invocations=6 (full 0):
 PSYoungGen      total 38400K, used 4577K [0x00000000e0000000, 0x00000000e2b00000, 0x0000000100000000)
  eden space 32768K, 0% used [0x00000000e0000000,0x00000000e0000000,0x00000000e2000000)
  from space 5632K, 81% used [0x00000000e2580000,0x00000000e29f8788,0x00000000e2b00000)
  to   space 5632K, 0% used [0x00000000e2000000,0x00000000e2000000,0x00000000e2580000)
 ParOldGen       total 44032K, used 5642K [0x00000000a0000000, 0x00000000a2b00000, 0x00000000e0000000)
  object space 44032K, 12% used [0x00000000a0000000,0x00000000a05828b0,0x00000000a2b00000)
 Metaspace       used 14529K, capacity 14870K, committed 14976K, reserved 1062912K
  class space    used 2029K, capacity 2155K, committed 2176K, reserved 1048576K
}
Event: 3.968 GC heap before
{Heap before GC invocations=7 (full 0):
 PSYoungGen      total 38400K, used 37345K [0x00000000e0000000, 0x00000000e2b00000, 0x0000000100000000)
  eden space 32768K, 100% used [0x00000000e0000000,0x00000000e2000000,0x00000000e2000000)
  from space 5632K, 81% used [0x00000000e2580000,0x00000000e29f8788,0x00000000e2b00000)
  to   space 5632K, 0% used [0x00000000e2000000,0x00000000e2000000,0x00000000e2580000)
 ParOldGen       total 44032K, used 5642K [0x00000000a0000000, 0x00000000a2b00000, 0x00000000e0000000)
  object space 44032K, 12% used [0x00000000a0000000,0x00000000a05828b0,0x00000000a2b00000)
 Metaspace       used 17772K, capacity 18154K, committed 18304K, reserved 1064960K
  class space    used 2562K, capacity 2685K, committed 2688K, reserved 1048576K
Event: 3.983 GC heap after
Heap after GC invocations=7 (full 0):
 PSYoungGen      total 38400K, used 5608K [0x00000000e0000000, 0x00000000e4e00000, 0x0000000100000000)
  eden space 32768K, 0% used [0x00000000e0000000,0x00000000e0000000,0x00000000e2000000)
  from space 5632K, 99% used [0x00000000e2000000,0x00000000e257a3b0,0x00000000e2580000)
  to   space 7168K, 0% used [0x00000000e4700000,0x00000000e4700000,0x00000000e4e00000)
 ParOldGen       total 44032K, used 7081K [0x00000000a0000000, 0x00000000a2b00000, 0x00000000e0000000)
  object space 44032K, 16% used [0x00000000a0000000,0x00000000a06ea6b0,0x00000000a2b00000)
 Metaspace       used 17772K, capacity 18154K, committed 18304K, reserved 1064960K
  class space    used 2562K, capacity 2685K, committed 2688K, reserved 1048576K
}
Event: 4.379 GC heap before
{Heap before GC invocations=8 (full 0):
 PSYoungGen      total 38400K, used 19072K [0x00000000e0000000, 0x00000000e4e00000, 0x0000000100000000)
  eden space 32768K, 41% used [0x00000000e0000000,0x00000000e0d25fd0,0x00000000e2000000)
  from space 5632K, 99% used [0x00000000e2000000,0x00000000e257a3b0,0x00000000e2580000)
  to   space 7168K, 0% used [0x00000000e4700000,0x00000000e4700000,0x00000000e4e00000)
 ParOldGen       total 44032K, used 7081K [0x00000000a0000000, 0x00000000a2b00000, 0x00000000e0000000)
  object space 44032K, 16% used [0x00000000a0000000,0x00000000a06ea6b0,0x00000000a2b00000)
 Metaspace       used 20773K, capacity 21168K, committed 21248K, reserved 1067008K
  class space    used 2884K, capacity 3007K, committed 3072K, reserved 1048576K
Event: 4.386 GC heap after
Heap after GC invocations=8 (full 0):
 PSYoungGen      total 72704K, used 4707K [0x00000000e0000000, 0x00000000e4e00000, 0x0000000100000000)
  eden space 65536K, 0% used [0x00000000e0000000,0x00000000e0000000,0x00000000e4000000)
  from space 7168K, 65% used [0x00000000e4700000,0x00000000e4b98ee0,0x00000000e4e00000)
  to   space 7168K, 0% used [0x00000000e4000000,0x00000000e4000000,0x00000000e4700000)
 ParOldGen       total 44032K, used 8069K [0x00000000a0000000, 0x00000000a2b00000, 0x00000000e0000000)
  object space 44032K, 18% used [0x00000000a0000000,0x00000000a07e1750,0x00000000a2b00000)
 Metaspace       used 20773K, capacity 21168K, committed 21248K, reserved 1067008K
  class space    used 2884K, capacity 3007K, committed 3072K, reserved 1048576K
}
Event: 4.386 GC heap before
{Heap before GC invocations=9 (full 1):
 PSYoungGen      total 72704K, used 4707K [0x00000000e0000000, 0x00000000e4e00000, 0x0000000100000000)
  eden space 65536K, 0% used [0x00000000e0000000,0x00000000e0000000,0x00000000e4000000)
  from space 7168K, 65% used [0x00000000e4700000,0x00000000e4b98ee0,0x00000000e4e00000)
  to   space 7168K, 0% used [0x00000000e4000000,0x00000000e4000000,0x00000000e4700000)
 ParOldGen       total 44032K, used 8069K [0x00000000a0000000, 0x00000000a2b00000, 0x00000000e0000000)
  object space 44032K, 18% used [0x00000000a0000000,0x00000000a07e1750,0x00000000a2b00000)
 Metaspace       used 20773K, capacity 21168K, committed 21248K, reserved 1067008K
  class space    used 2884K, capacity 3007K, committed 3072K, reserved 1048576K
Event: 4.440 GC heap after
Heap after GC invocations=9 (full 1):
 PSYoungGen      total 72704K, used 0K [0x00000000e0000000, 0x00000000e4e00000, 0x0000000100000000)
  eden space 65536K, 0% used [0x00000000e0000000,0x00000000e0000000,0x00000000e4000000)
  from space 7168K, 0% used [0x00000000e4700000,0x00000000e4700000,0x00000000e4e00000)
  to   space 7168K, 0% used [0x00000000e4000000,0x00000000e4000000,0x00000000e4700000)
 ParOldGen       total 34816K, used 9610K [0x00000000a0000000, 0x00000000a2200000, 0x00000000e0000000)
  object space 34816K, 27% used [0x00000000a0000000,0x00000000a09629a0,0x00000000a2200000)
 Metaspace       used 20773K, capacity 21168K, committed 21248K, reserved 1067008K
  class space    used 2884K, capacity 3007K, committed 3072K, reserved 1048576K
}
Event: 6.056 GC heap before
{Heap before GC invocations=10 (full 1):
 PSYoungGen      total 72704K, used 65476K [0x00000000e0000000, 0x00000000e4e00000, 0x0000000100000000)
  eden space 65536K, 99% used [0x00000000e0000000,0x00000000e3ff1050,0x00000000e4000000)
  from space 7168K, 0% used [0x00000000e4700000,0x00000000e4700000,0x00000000e4e00000)
  to   space 7168K, 0% used [0x00000000e4000000,0x00000000e4000000,0x00000000e4700000)
 ParOldGen       total 34816K, used 9610K [0x00000000a0000000, 0x00000000a2200000, 0x00000000e0000000)
  object space 34816K, 27% used [0x00000000a0000000,0x00000000a09629a0,0x00000000a2200000)
 Metaspace       used 26068K, capacity 26528K, committed 26624K, reserved 1073152K
  class space    used 3633K, capacity 3805K, committed 3840K, reserved 1048576K
Event: 6.066 GC heap after
Heap after GC invocations=10 (full 1):
 PSYoungGen      total 72704K, used 7015K [0x00000000e0000000, 0x00000000e6580000, 0x0000000100000000)
  eden space 65536K, 0% used [0x00000000e0000000,0x00000000e0000000,0x00000000e4000000)
  from space 7168K, 97% used [0x00000000e4000000,0x00000000e46d9fa8,0x00000000e4700000)
  to   space 7680K, 0% used [0x00000000e5e00000,0x00000000e5e00000,0x00000000e6580000)
 ParOldGen       total 34816K, used 9618K [0x00000000a0000000, 0x00000000a2200000, 0x00000000e0000000)
  object space 34816K, 27% used [0x00000000a0000000,0x00000000a09649a0,0x00000000a2200000)
 Metaspace       used 26068K, capacity 26528K, committed 26624K, reserved 1073152K
  class space    used 3633K, capacity 3805K, committed 3840K, reserved 1048576K
}
Event: 7.285 GC heap before
{Heap before GC invocations=11 (full 1):
 PSYoungGen      total 72704K, used 72551K [0x00000000e0000000, 0x00000000e6580000, 0x0000000100000000)
  eden space 65536K, 100% used [0x00000000e0000000,0x00000000e4000000,0x00000000e4000000)
  from space 7168K, 97% used [0x00000000e4000000,0x00000000e46d9fa8,0x00000000e4700000)
  to   space 7680K, 0% used [0x00000000e5e00000,0x00000000e5e00000,0x00000000e6580000)
 ParOldGen       total 34816K, used 9618K [0x00000000a0000000, 0x00000000a2200000, 0x00000000e0000000)
  object space 34816K, 27% used [0x00000000a0000000,0x00000000a09649a0,0x00000000a2200000)
 Metaspace       used 30273K, capacity 30960K, committed 31104K, reserved 1075200K
  class space    used 4253K, capacity 4449K, committed 4480K, reserved 1048576K

