# JRE version: OpenJDK Runtime Environment (8.0_152-b02) (build 1.8.0_152-release-1024-b02)
# Java VM: OpenJDK 64-Bit Server VM (25.152-b02 mixed mode windows-amd64 compressed oops)
Heap:
 PSYoungGen      total 123904K, used 36699K [0x00000000d5580000, 0x00000000dfd80000, 0x0000000100000000)
  eden space 113664K, 23% used [0x00000000d5580000,0x00000000d6f5da28,0x00000000dc480000)
  from space 10240K, 99% used [0x00000000dc480000,0x00000000dce79280,0x00000000dce80000)
  to   space 14336K, 0% used [0x00000000def80000,0x00000000def80000,0x00000000dfd80000)
 ParOldGen       total 56832K, used 24665K [0x0000000080000000, 0x0000000083780000, 0x00000000d5580000)
  object space 56832K, 43% used [0x0000000080000000,0x00000000818164d0,0x0000000083780000)
 Metaspace       used 51820K, capacity 53594K, committed 53760K, reserved 1095680K
  class space    used 7129K, capacity 7595K, committed 7680K, reserved 1048576K
GC Heap History (10 events):
Event: 7.938 GC heap before
{Heap before GC invocations=11 (full 1):
 PSYoungGen      total 72704K, used 72292K [0x00000000d5580000, 0x00000000dba80000, 0x0000000100000000)
  eden space 65536K, 100% used [0x00000000d5580000,0x00000000d9580000,0x00000000d9580000)
  from space 7168K, 94% used [0x00000000d9580000,0x00000000d9c19280,0x00000000d9c80000)
  to   space 7680K, 0% used [0x00000000db300000,0x00000000db300000,0x00000000dba80000)
 ParOldGen       total 33792K, used 8187K [0x0000000080000000, 0x0000000082100000, 0x00000000d5580000)
  object space 33792K, 24% used [0x0000000080000000,0x00000000807fecd8,0x0000000082100000)
 Metaspace       used 30282K, capacity 30832K, committed 31104K, reserved 1075200K
  class space    used 4257K, capacity 4449K, committed 4480K, reserved 1048576K
Event: 7.961 GC heap after
Heap after GC invocations=11 (full 1):
 PSYoungGen      total 93696K, used 7650K [0x00000000d5580000, 0x00000000dbe00000, 0x0000000100000000)
  eden space 86016K, 0% used [0x00000000d5580000,0x00000000d5580000,0x00000000da980000)
  from space 7680K, 99% used [0x00000000db300000,0x00000000dba78998,0x00000000dba80000)
  to   space 9728K, 0% used [0x00000000da980000,0x00000000da980000,0x00000000db300000)
 ParOldGen       total 33792K, used 10574K [0x0000000080000000, 0x0000000082100000, 0x00000000d5580000)
  object space 33792K, 31% used [0x0000000080000000,0x0000000080a53b68,0x0000000082100000)
 Metaspace       used 30282K, capacity 30832K, committed 31104K, reserved 1075200K
  class space    used 4257K, capacity 4449K, committed 4480K, reserved 1048576K
}
Event: 9.373 GC heap before
{Heap before GC invocations=12 (full 1):
 PSYoungGen      total 93696K, used 42485K [0x00000000d5580000, 0x00000000dbe00000, 0x0000000100000000)
  eden space 86016K, 40% used [0x00000000d5580000,0x00000000d7784be8,0x00000000da980000)
  from space 7680K, 99% used [0x00000000db300000,0x00000000dba78998,0x00000000dba80000)
  to   space 9728K, 0% used [0x00000000da980000,0x00000000da980000,0x00000000db300000)
 ParOldGen       total 33792K, used 10574K [0x0000000080000000, 0x0000000082100000, 0x00000000d5580000)
  object space 33792K, 31% used [0x0000000080000000,0x0000000080a53b68,0x0000000082100000)
 Metaspace       used 34605K, capacity 35300K, committed 35416K, reserved 1079296K
  class space    used 4835K, capacity 5091K, committed 5120K, reserved 1048576K
Event: 9.400 GC heap after
Heap after GC invocations=12 (full 1):
 PSYoungGen      total 95744K, used 4459K [0x00000000d5580000, 0x00000000dd880000, 0x0000000100000000)
  eden space 86016K, 0% used [0x00000000d5580000,0x00000000d5580000,0x00000000da980000)
  from space 9728K, 45% used [0x00000000da980000,0x00000000daddac70,0x00000000db300000)
  to   space 9216K, 0% used [0x00000000dcf80000,0x00000000dcf80000,0x00000000dd880000)
 ParOldGen       total 33792K, used 17124K [0x0000000080000000, 0x0000000082100000, 0x00000000d5580000)
  object space 33792K, 50% used [0x0000000080000000,0x00000000810b91f8,0x0000000082100000)
 Metaspace       used 34605K, capacity 35300K, committed 35416K, reserved 1079296K
  class space    used 4835K, capacity 5091K, committed 5120K, reserved 1048576K
}
Event: 9.400 GC heap before
{Heap before GC invocations=13 (full 2):
 PSYoungGen      total 95744K, used 4459K [0x00000000d5580000, 0x00000000dd880000, 0x0000000100000000)
  eden space 86016K, 0% used [0x00000000d5580000,0x00000000d5580000,0x00000000da980000)
  from space 9728K, 45% used [0x00000000da980000,0x00000000daddac70,0x00000000db300000)
  to   space 9216K, 0% used [0x00000000dcf80000,0x00000000dcf80000,0x00000000dd880000)
 ParOldGen       total 33792K, used 17124K [0x0000000080000000, 0x0000000082100000, 0x00000000d5580000)
  object space 33792K, 50% used [0x0000000080000000,0x00000000810b91f8,0x0000000082100000)
 Metaspace       used 34605K, capacity 35300K, committed 35416K, reserved 1079296K
  class space    used 4835K, capacity 5091K, committed 5120K, reserved 1048576K
Event: 9.485 GC heap after
Heap after GC invocations=13 (full 2):
 PSYoungGen      total 95744K, used 0K [0x00000000d5580000, 0x00000000dd880000, 0x0000000100000000)
  eden space 86016K, 0% used [0x00000000d5580000,0x00000000d5580000,0x00000000da980000)
  from space 9728K, 0% used [0x00000000da980000,0x00000000da980000,0x00000000db300000)
  to   space 9216K, 0% used [0x00000000dcf80000,0x00000000dcf80000,0x00000000dd880000)
 ParOldGen       total 56832K, used 17804K [0x0000000080000000, 0x0000000083780000, 0x00000000d5580000)
  object space 56832K, 31% used [0x0000000080000000,0x0000000081163010,0x0000000083780000)
 Metaspace       used 34605K, capacity 35300K, committed 35416K, reserved 1079296K
  class space    used 4835K, capacity 5091K, committed 5120K, reserved 1048576K
}
Event: 10.927 GC heap before
{Heap before GC invocations=14 (full 2):
 PSYoungGen      total 95744K, used 86016K [0x00000000d5580000, 0x00000000dd880000, 0x0000000100000000)
  eden space 86016K, 100% used [0x00000000d5580000,0x00000000da980000,0x00000000da980000)
  from space 9728K, 0% used [0x00000000da980000,0x00000000da980000,0x00000000db300000)
  to   space 9216K, 0% used [0x00000000dcf80000,0x00000000dcf80000,0x00000000dd880000)
 ParOldGen       total 56832K, used 17804K [0x0000000080000000, 0x0000000083780000, 0x00000000d5580000)
  object space 56832K, 31% used [0x0000000080000000,0x0000000081163010,0x0000000083780000)
 Metaspace       used 40503K, capacity 41392K, committed 41728K, reserved 1085440K
  class space    used 5523K, capacity 5811K, committed 5888K, reserved 1048576K
Event: 10.944 GC heap after
Heap after GC invocations=14 (full 2):
 PSYoungGen      total 120832K, used 9207K [0x00000000d5580000, 0x00000000dd880000, 0x0000000100000000)
  eden space 111616K, 0% used [0x00000000d5580000,0x00000000d5580000,0x00000000dc280000)
  from space 9216K, 99% used [0x00000000dcf80000,0x00000000dd87de70,0x00000000dd880000)
  to   space 10240K, 0% used [0x00000000dc480000,0x00000000dc480000,0x00000000dce80000)
 ParOldGen       total 56832K, used 18093K [0x0000000080000000, 0x0000000083780000, 0x00000000d5580000)
  object space 56832K, 31% used [0x0000000080000000,0x00000000811ab570,0x0000000083780000)
 Metaspace       used 40503K, capacity 41392K, committed 41728K, reserved 1085440K
  class space    used 5523K, capacity 5811K, committed 5888K, reserved 1048576K
}
Event: 13.393 GC heap before
{Heap before GC invocations=15 (full 2):
 PSYoungGen      total 120832K, used 120823K [0x00000000d5580000, 0x00000000dd880000, 0x0000000100000000)
  eden space 111616K, 100% used [0x00000000d5580000,0x00000000dc280000,0x00000000dc280000)
  from space 9216K, 99% used [0x00000000dcf80000,0x00000000dd87de70,0x00000000dd880000)
  to   space 10240K, 0% used [0x00000000dc480000,0x00000000dc480000,0x00000000dce80000)
 ParOldGen       total 56832K, used 18093K [0x0000000080000000, 0x0000000083780000, 0x00000000d5580000)
  object space 56832K, 31% used [0x0000000080000000,0x00000000811ab570,0x0000000083780000)
 Metaspace       used 50326K, capacity 51870K, committed 52224K, reserved 1093632K
  class space    used 6890K, capacity 7313K, committed 7424K, reserved 1048576K
Event: 13.419 GC heap after
Heap after GC invocations=15 (full 2):
 PSYoungGen      total 123904K, used 10212K [0x00000000d5580000, 0x00000000dfd80000, 0x0000000100000000)
  eden space 113664K, 0% used [0x00000000d5580000,0x00000000d5580000,0x00000000dc480000)
  from space 10240K, 99% used [0x00000000dc480000,0x00000000dce79280,0x00000000dce80000)
  to   space 14336K, 0% used [0x00000000def80000,0x00000000def80000,0x00000000dfd80000)
 ParOldGen       total 56832K, used 24665K [0x0000000080000000, 0x0000000083780000, 0x00000000d5580000)
  object space 56832K, 43% used [0x0000000080000000,0x00000000818164d0,0x0000000083780000)
 Metaspace       used 50326K, capacity 51870K, committed 52224K, reserved 1093632K
  class space    used 6890K, capacity 7313K, committed 7424K, reserved 1048576K
}

