# JRE version: OpenJDK Runtime Environment (8.0_152-b02) (build 1.8.0_152-release-1024-b02)
# Java VM: OpenJDK 64-Bit Server VM (25.152-b02 mixed mode windows-amd64 compressed oops)
Heap:
 PSYoungGen      total 325120K, used 253844K [0x00000000e0000000, 0x00000000f5600000, 0x0000000100000000)
  eden space 300032K, 83% used [0x00000000e0000000,0x00000000ef3dd540,0x00000000f2500000)
  from space 25088K, 16% used [0x00000000f2500000,0x00000000f2907d48,0x00000000f3d80000)
  to   space 24576K, 0% used [0x00000000f3e00000,0x00000000f3e00000,0x00000000f5600000)
 ParOldGen       total 123392K, used 63943K [0x00000000a0000000, 0x00000000a7880000, 0x00000000e0000000)
  object space 123392K, 51% used [0x00000000a0000000,0x00000000a3e71cc0,0x00000000a7880000)
 Metaspace       used 85373K, capacity 89526K, committed 89984K, reserved 1128448K
  class space    used 10911K, capacity 11797K, committed 11904K, reserved 1048576K
GC Heap History (10 events):
Event: 1556.740 GC heap before
{Heap before GC invocations=27 (full 3):
 PSYoungGen      total 214016K, used 210509K [0x00000000e0000000, 0x00000000f2680000, 0x0000000100000000)
  eden space 189952K, 100% used [0x00000000e0000000,0x00000000eb980000,0x00000000eb980000)
  from space 24064K, 85% used [0x00000000eb980000,0x00000000ecd93460,0x00000000ed100000)
  to   space 26624K, 0% used [0x00000000f0c80000,0x00000000f0c80000,0x00000000f2680000)
 ParOldGen       total 88576K, used 62874K [0x00000000a0000000, 0x00000000a5680000, 0x00000000e0000000)
  object space 88576K, 70% used [0x00000000a0000000,0x00000000a3d66bf8,0x00000000a5680000)
 Metaspace       used 84467K, capacity 88604K, committed 88832K, reserved 1126400K
  class space    used 10882K, capacity 11764K, committed 11776K, reserved 1048576K
Event: 1556.810 GC heap after
Heap after GC invocations=27 (full 3):
 PSYoungGen      total 268800K, used 13833K [0x00000000e0000000, 0x00000000f2300000, 0x0000000100000000)
  eden space 245760K, 0% used [0x00000000e0000000,0x00000000e0000000,0x00000000ef000000)
  from space 23040K, 60% used [0x00000000f0c80000,0x00000000f1a02518,0x00000000f2300000)
  to   space 26112K, 0% used [0x00000000ef000000,0x00000000ef000000,0x00000000f0980000)
 ParOldGen       total 88576K, used 71557K [0x00000000a0000000, 0x00000000a5680000, 0x00000000e0000000)
  object space 88576K, 80% used [0x00000000a0000000,0x00000000a45e1630,0x00000000a5680000)
 Metaspace       used 84467K, capacity 88604K, committed 88832K, reserved 1126400K
  class space    used 10882K, capacity 11764K, committed 11776K, reserved 1048576K
}
Event: 1558.200 GC heap before
{Heap before GC invocations=28 (full 3):
 PSYoungGen      total 268800K, used 259593K [0x00000000e0000000, 0x00000000f2300000, 0x0000000100000000)
  eden space 245760K, 100% used [0x00000000e0000000,0x00000000ef000000,0x00000000ef000000)
  from space 23040K, 60% used [0x00000000f0c80000,0x00000000f1a02518,0x00000000f2300000)
  to   space 26112K, 0% used [0x00000000ef000000,0x00000000ef000000,0x00000000f0980000)
 ParOldGen       total 88576K, used 71557K [0x00000000a0000000, 0x00000000a5680000, 0x00000000e0000000)
  object space 88576K, 80% used [0x00000000a0000000,0x00000000a45e1630,0x00000000a5680000)
 Metaspace       used 84617K, capacity 88776K, committed 88960K, reserved 1126400K
  class space    used 10893K, capacity 11796K, committed 11904K, reserved 1048576K
Event: 1558.282 GC heap after
Heap after GC invocations=28 (full 3):
 PSYoungGen      total 271872K, used 5216K [0x00000000e0000000, 0x00000000f5700000, 0x0000000100000000)
  eden space 245760K, 0% used [0x00000000e0000000,0x00000000e0000000,0x00000000ef000000)
  from space 26112K, 19% used [0x00000000ef000000,0x00000000ef518080,0x00000000f0980000)
  to   space 25600K, 0% used [0x00000000f3e00000,0x00000000f3e00000,0x00000000f5700000)
 ParOldGen       total 88576K, used 78132K [0x00000000a0000000, 0x00000000a5680000, 0x00000000e0000000)
  object space 88576K, 88% used [0x00000000a0000000,0x00000000a4c4d1b0,0x00000000a5680000)
 Metaspace       used 84617K, capacity 88776K, committed 88960K, reserved 1126400K
  class space    used 10893K, capacity 11796K, committed 11904K, reserved 1048576K
}
Event: 1558.287 GC heap before
{Heap before GC invocations=29 (full 4):
 PSYoungGen      total 271872K, used 5216K [0x00000000e0000000, 0x00000000f5700000, 0x0000000100000000)
  eden space 245760K, 0% used [0x00000000e0000000,0x00000000e0000000,0x00000000ef000000)
  from space 26112K, 19% used [0x00000000ef000000,0x00000000ef518080,0x00000000f0980000)
  to   space 25600K, 0% used [0x00000000f3e00000,0x00000000f3e00000,0x00000000f5700000)
 ParOldGen       total 88576K, used 78132K [0x00000000a0000000, 0x00000000a5680000, 0x00000000e0000000)
  object space 88576K, 88% used [0x00000000a0000000,0x00000000a4c4d1b0,0x00000000a5680000)
 Metaspace       used 84617K, capacity 88776K, committed 88960K, reserved 1126400K
  class space    used 10893K, capacity 11796K, committed 11904K, reserved 1048576K
Event: 1559.393 GC heap after
Heap after GC invocations=29 (full 4):
 PSYoungGen      total 271872K, used 0K [0x00000000e0000000, 0x00000000f5700000, 0x0000000100000000)
  eden space 245760K, 0% used [0x00000000e0000000,0x00000000e0000000,0x00000000ef000000)
  from space 26112K, 0% used [0x00000000ef000000,0x00000000ef000000,0x00000000f0980000)
  to   space 25600K, 0% used [0x00000000f3e00000,0x00000000f3e00000,0x00000000f5700000)
 ParOldGen       total 123392K, used 62023K [0x00000000a0000000, 0x00000000a7880000, 0x00000000e0000000)
  object space 123392K, 50% used [0x00000000a0000000,0x00000000a3c91cb0,0x00000000a7880000)
 Metaspace       used 84258K, capacity 88082K, committed 88960K, reserved 1126400K
  class space    used 10799K, capacity 11627K, committed 11904K, reserved 1048576K
}
Event: 1561.559 GC heap before
{Heap before GC invocations=30 (full 4):
 PSYoungGen      total 271872K, used 245760K [0x00000000e0000000, 0x00000000f5700000, 0x0000000100000000)
  eden space 245760K, 100% used [0x00000000e0000000,0x00000000ef000000,0x00000000ef000000)
  from space 26112K, 0% used [0x00000000ef000000,0x00000000ef000000,0x00000000f0980000)
  to   space 25600K, 0% used [0x00000000f3e00000,0x00000000f3e00000,0x00000000f5700000)
 ParOldGen       total 123392K, used 62023K [0x00000000a0000000, 0x00000000a7880000, 0x00000000e0000000)
  object space 123392K, 50% used [0x00000000a0000000,0x00000000a3c91cb0,0x00000000a7880000)
 Metaspace       used 85235K, capacity 89378K, committed 89728K, reserved 1126400K
  class space    used 10910K, capacity 11797K, committed 11904K, reserved 1048576K
Event: 1561.576 GC heap after
Heap after GC invocations=30 (full 4):
 PSYoungGen      total 324608K, used 5206K [0x00000000e0000000, 0x00000000f5600000, 0x0000000100000000)
  eden space 300032K, 0% used [0x00000000e0000000,0x00000000e0000000,0x00000000f2500000)
  from space 24576K, 21% used [0x00000000f3e00000,0x00000000f4315a78,0x00000000f5600000)
  to   space 25088K, 0% used [0x00000000f2500000,0x00000000f2500000,0x00000000f3d80000)
 ParOldGen       total 123392K, used 62031K [0x00000000a0000000, 0x00000000a7880000, 0x00000000e0000000)
  object space 123392K, 50% used [0x00000000a0000000,0x00000000a3c93cb0,0x00000000a7880000)
 Metaspace       used 85235K, capacity 89378K, committed 89728K, reserved 1126400K
  class space    used 10910K, capacity 11797K, committed 11904K, reserved 1048576K
}
Event: 1563.400 GC heap before
{Heap before GC invocations=31 (full 4):
 PSYoungGen      total 324608K, used 305238K [0x00000000e0000000, 0x00000000f5600000, 0x0000000100000000)
  eden space 300032K, 100% used [0x00000000e0000000,0x00000000f2500000,0x00000000f2500000)
  from space 24576K, 21% used [0x00000000f3e00000,0x00000000f4315a78,0x00000000f5600000)
  to   space 25088K, 0% used [0x00000000f2500000,0x00000000f2500000,0x00000000f3d80000)
 ParOldGen       total 123392K, used 62031K [0x00000000a0000000, 0x00000000a7880000, 0x00000000e0000000)
  object space 123392K, 50% used [0x00000000a0000000,0x00000000a3c93cb0,0x00000000a7880000)
 Metaspace       used 85295K, capacity 89458K, committed 89728K, reserved 1126400K
  class space    used 10910K, capacity 11797K, committed 11904K, reserved 1048576K
Event: 1563.417 GC heap after
Heap after GC invocations=31 (full 4):
 PSYoungGen      total 325120K, used 4127K [0x00000000e0000000, 0x00000000f5600000, 0x0000000100000000)
  eden space 300032K, 0% used [0x00000000e0000000,0x00000000e0000000,0x00000000f2500000)
  from space 25088K, 16% used [0x00000000f2500000,0x00000000f2907d48,0x00000000f3d80000)
  to   space 24576K, 0% used [0x00000000f3e00000,0x00000000f3e00000,0x00000000f5600000)
 ParOldGen       total 123392K, used 63943K [0x00000000a0000000, 0x00000000a7880000, 0x00000000e0000000)
  object space 123392K, 51% used [0x00000000a0000000,0x00000000a3e71cc0,0x00000000a7880000)
 Metaspace       used 85295K, capacity 89458K, committed 89728K, reserved 1126400K
  class space    used 10910K, capacity 11797K, committed 11904K, reserved 1048576K
}

