# JRE version: OpenJDK Runtime Environment (8.0_152-b02) (build 1.8.0_152-release-1024-b02)
# Java VM: OpenJDK 64-Bit Server VM (25.152-b02 mixed mode windows-amd64 compressed oops)
Heap:
 PSYoungGen      total 139264K, used 6686K [0x00000000e0000000, 0x00000000ed780000, 0x0000000100000000)
  eden space 127488K, 5% used [0x00000000e0000000,0x00000000e0687a90,0x00000000e7c80000)
  from space 11776K, 0% used [0x00000000e8880000,0x00000000e8880000,0x00000000e9400000)
  to   space 12288K, 0% used [0x00000000e7c80000,0x00000000e7c80000,0x00000000e8880000)
 ParOldGen       total 35840K, used 15410K [0x00000000a0000000, 0x00000000a2300000, 0x00000000e0000000)
  object space 35840K, 42% used [0x00000000a0000000,0x00000000a0f0c8e0,0x00000000a2300000)
 Metaspace       used 35611K, capacity 36412K, committed 36736K, reserved 1081344K
  class space    used 4930K, capacity 5229K, committed 5248K, reserved 1048576K
GC Heap History (10 events):
Event: 4.735 GC heap before
{Heap before GC invocations=8 (full 1):
 PSYoungGen      total 72192K, used 5655K [0x00000000e0000000, 0x00000000e8e00000, 0x0000000100000000)
  eden space 64512K, 0% used [0x00000000e0000000,0x00000000e0000000,0x00000000e3f00000)
  from space 7680K, 73% used [0x00000000e3f00000,0x00000000e4485f40,0x00000000e4680000)
  to   space 8192K, 0% used [0x00000000e8600000,0x00000000e8600000,0x00000000e8e00000)
 ParOldGen       total 44032K, used 8274K [0x00000000a0000000, 0x00000000a2b00000, 0x00000000e0000000)
  object space 44032K, 18% used [0x00000000a0000000,0x00000000a0814bf8,0x00000000a2b00000)
 Metaspace       used 20789K, capacity 21200K, committed 21248K, reserved 1067008K
  class space    used 2897K, capacity 3039K, committed 3072K, reserved 1048576K
Event: 4.800 GC heap after
Heap after GC invocations=8 (full 1):
 PSYoungGen      total 72192K, used 0K [0x00000000e0000000, 0x00000000e8e00000, 0x0000000100000000)
  eden space 64512K, 0% used [0x00000000e0000000,0x00000000e0000000,0x00000000e3f00000)
  from space 7680K, 0% used [0x00000000e3f00000,0x00000000e3f00000,0x00000000e4680000)
  to   space 8192K, 0% used [0x00000000e8600000,0x00000000e8600000,0x00000000e8e00000)
 ParOldGen       total 35840K, used 8222K [0x00000000a0000000, 0x00000000a2300000, 0x00000000e0000000)
  object space 35840K, 22% used [0x00000000a0000000,0x00000000a0807be8,0x00000000a2300000)
 Metaspace       used 20789K, capacity 21200K, committed 21248K, reserved 1067008K
  class space    used 2897K, capacity 3039K, committed 3072K, reserved 1048576K
}
Event: 6.242 GC heap before
{Heap before GC invocations=9 (full 1):
 PSYoungGen      total 72192K, used 64512K [0x00000000e0000000, 0x00000000e8e00000, 0x0000000100000000)
  eden space 64512K, 100% used [0x00000000e0000000,0x00000000e3f00000,0x00000000e3f00000)
  from space 7680K, 0% used [0x00000000e3f00000,0x00000000e3f00000,0x00000000e4680000)
  to   space 8192K, 0% used [0x00000000e8600000,0x00000000e8600000,0x00000000e8e00000)
 ParOldGen       total 35840K, used 8222K [0x00000000a0000000, 0x00000000a2300000, 0x00000000e0000000)
  object space 35840K, 22% used [0x00000000a0000000,0x00000000a0807be8,0x00000000a2300000)
 Metaspace       used 26060K, capacity 26592K, committed 26880K, reserved 1073152K
  class space    used 3631K, capacity 3805K, committed 3840K, reserved 1048576K
Event: 6.253 GC heap after
Heap after GC invocations=9 (full 1):
 PSYoungGen      total 105472K, used 6716K [0x00000000e0000000, 0x00000000e8d00000, 0x0000000100000000)
  eden space 98304K, 0% used [0x00000000e0000000,0x00000000e0000000,0x00000000e6000000)
  from space 7168K, 93% used [0x00000000e8600000,0x00000000e8c8f150,0x00000000e8d00000)
  to   space 8704K, 0% used [0x00000000e7c00000,0x00000000e7c00000,0x00000000e8480000)
 ParOldGen       total 35840K, used 8230K [0x00000000a0000000, 0x00000000a2300000, 0x00000000e0000000)
  object space 35840K, 22% used [0x00000000a0000000,0x00000000a0809be8,0x00000000a2300000)
 Metaspace       used 26060K, capacity 26592K, committed 26880K, reserved 1073152K
  class space    used 3631K, capacity 3805K, committed 3840K, reserved 1048576K
}
Event: 8.867 GC heap before
{Heap before GC invocations=10 (full 1):
 PSYoungGen      total 105472K, used 105020K [0x00000000e0000000, 0x00000000e8d00000, 0x0000000100000000)
  eden space 98304K, 100% used [0x00000000e0000000,0x00000000e6000000,0x00000000e6000000)
  from space 7168K, 93% used [0x00000000e8600000,0x00000000e8c8f150,0x00000000e8d00000)
  to   space 8704K, 0% used [0x00000000e7c00000,0x00000000e7c00000,0x00000000e8480000)
 ParOldGen       total 35840K, used 8230K [0x00000000a0000000, 0x00000000a2300000, 0x00000000e0000000)
  object space 35840K, 22% used [0x00000000a0000000,0x00000000a0809be8,0x00000000a2300000)
 Metaspace       used 34410K, capacity 35236K, committed 35328K, reserved 1079296K
  class space    used 4805K, capacity 5091K, committed 5120K, reserved 1048576K
Event: 8.894 GC heap after
Heap after GC invocations=10 (full 1):
 PSYoungGen      total 135680K, used 8688K [0x00000000e0000000, 0x00000000e9400000, 0x0000000100000000)
  eden space 126976K, 0% used [0x00000000e0000000,0x00000000e0000000,0x00000000e7c00000)
  from space 8704K, 99% used [0x00000000e7c00000,0x00000000e847c010,0x00000000e8480000)
  to   space 11776K, 0% used [0x00000000e8880000,0x00000000e8880000,0x00000000e9400000)
 ParOldGen       total 35840K, used 13673K [0x00000000a0000000, 0x00000000a2300000, 0x00000000e0000000)
  object space 35840K, 38% used [0x00000000a0000000,0x00000000a0d5a670,0x00000000a2300000)
 Metaspace       used 34410K, capacity 35236K, committed 35328K, reserved 1079296K
  class space    used 4805K, capacity 5091K, committed 5120K, reserved 1048576K
}
Event: 8.913 GC heap before
{Heap before GC invocations=11 (full 1):
 PSYoungGen      total 135680K, used 10887K [0x00000000e0000000, 0x00000000e9400000, 0x0000000100000000)
  eden space 126976K, 1% used [0x00000000e0000000,0x00000000e0225ca0,0x00000000e7c00000)
  from space 8704K, 99% used [0x00000000e7c00000,0x00000000e847c010,0x00000000e8480000)
  to   space 11776K, 0% used [0x00000000e8880000,0x00000000e8880000,0x00000000e9400000)
 ParOldGen       total 35840K, used 13673K [0x00000000a0000000, 0x00000000a2300000, 0x00000000e0000000)
  object space 35840K, 38% used [0x00000000a0000000,0x00000000a0d5a670,0x00000000a2300000)
 Metaspace       used 34478K, capacity 35300K, committed 35416K, reserved 1079296K
  class space    used 4813K, capacity 5091K, committed 5120K, reserved 1048576K
Event: 8.932 GC heap after
Heap after GC invocations=11 (full 1):
 PSYoungGen      total 139264K, used 8659K [0x00000000e0000000, 0x00000000ed780000, 0x0000000100000000)
  eden space 127488K, 0% used [0x00000000e0000000,0x00000000e0000000,0x00000000e7c80000)
  from space 11776K, 73% used [0x00000000e8880000,0x00000000e90f4e40,0x00000000e9400000)
  to   space 12288K, 0% used [0x00000000e7c80000,0x00000000e7c80000,0x00000000e8880000)
 ParOldGen       total 35840K, used 13681K [0x00000000a0000000, 0x00000000a2300000, 0x00000000e0000000)
  object space 35840K, 38% used [0x00000000a0000000,0x00000000a0d5c670,0x00000000a2300000)
 Metaspace       used 34478K, capacity 35300K, committed 35416K, reserved 1079296K
  class space    used 4813K, capacity 5091K, committed 5120K, reserved 1048576K
}
Event: 8.932 GC heap before
{Heap before GC invocations=12 (full 2):
 PSYoungGen      total 139264K, used 8659K [0x00000000e0000000, 0x00000000ed780000, 0x0000000100000000)
  eden space 127488K, 0% used [0x00000000e0000000,0x00000000e0000000,0x00000000e7c80000)
  from space 11776K, 73% used [0x00000000e8880000,0x00000000e90f4e40,0x00000000e9400000)
  to   space 12288K, 0% used [0x00000000e7c80000,0x00000000e7c80000,0x00000000e8880000)
 ParOldGen       total 35840K, used 13681K [0x00000000a0000000, 0x00000000a2300000, 0x00000000e0000000)
  object space 35840K, 38% used [0x00000000a0000000,0x00000000a0d5c670,0x00000000a2300000)
 Metaspace       used 34478K, capacity 35300K, committed 35416K, reserved 1079296K
  class space    used 4813K, capacity 5091K, committed 5120K, reserved 1048576K
Event: 9.051 GC heap after
Heap after GC invocations=12 (full 2):
 PSYoungGen      total 139264K, used 0K [0x00000000e0000000, 0x00000000ed780000, 0x0000000100000000)
  eden space 127488K, 0% used [0x00000000e0000000,0x00000000e0000000,0x00000000e7c80000)
  from space 11776K, 0% used [0x00000000e8880000,0x00000000e8880000,0x00000000e9400000)
  to   space 12288K, 0% used [0x00000000e7c80000,0x00000000e7c80000,0x00000000e8880000)
 ParOldGen       total 35840K, used 15410K [0x00000000a0000000, 0x00000000a2300000, 0x00000000e0000000)
  object space 35840K, 42% used [0x00000000a0000000,0x00000000a0f0c8e0,0x00000000a2300000)
 Metaspace       used 34478K, capacity 35300K, committed 35416K, reserved 1079296K
  class space    used 4813K, capacity 5091K, committed 5120K, reserved 1048576K
}

