# JRE version: OpenJDK Runtime Environment (8.0_152-b02) (build 1.8.0_152-release-1024-b02)
# Java VM: OpenJDK 64-Bit Server VM (25.152-b02 mixed mode windows-amd64 compressed oops)
Heap:
 PSYoungGen      total 103936K, used 44071K [0x00000000e0000000, 0x00000000e7300000, 0x0000000100000000)
  eden space 97280K, 38% used [0x00000000e0000000,0x00000000e248d788,0x00000000e5f00000)
  from space 6656K, 99% used [0x00000000e6c80000,0x00000000e72fc568,0x00000000e7300000)
  to   space 7680K, 0% used [0x00000000e6400000,0x00000000e6400000,0x00000000e6b80000)
 ParOldGen       total 47616K, used 18305K [0x00000000a0000000, 0x00000000a2e80000, 0x00000000e0000000)
  object space 47616K, 38% used [0x00000000a0000000,0x00000000a11e0618,0x00000000a2e80000)
 Metaspace       used 41392K, capacity 42438K, committed 42752K, reserved 1085440K
  class space    used 5683K, capacity 6029K, committed 6144K, reserved 1048576K
GC Heap History (10 events):
Event: 31.281 GC heap before
{Heap before GC invocations=12 (full 1):
 PSYoungGen      total 52736K, used 52716K [0x00000000e0000000, 0x00000000e3c80000, 0x0000000100000000)
  eden space 49152K, 100% used [0x00000000e0000000,0x00000000e3000000,0x00000000e3000000)
  from space 3584K, 99% used [0x00000000e3900000,0x00000000e3c7b148,0x00000000e3c80000)
  to   space 5120K, 0% used [0x00000000e3280000,0x00000000e3280000,0x00000000e3780000)
 ParOldGen       total 29184K, used 8118K [0x00000000a0000000, 0x00000000a1c80000, 0x00000000e0000000)
  object space 29184K, 27% used [0x00000000a0000000,0x00000000a07ed888,0x00000000a1c80000)
 Metaspace       used 27432K, capacity 28140K, committed 28416K, reserved 1073152K
  class space    used 3766K, capacity 3978K, committed 4096K, reserved 1048576K
Event: 31.321 GC heap after
Heap after GC invocations=12 (full 1):
 PSYoungGen      total 56832K, used 5098K [0x00000000e0000000, 0x00000000e5380000, 0x0000000100000000)
  eden space 51712K, 0% used [0x00000000e0000000,0x00000000e0000000,0x00000000e3280000)
  from space 5120K, 99% used [0x00000000e3280000,0x00000000e377abe0,0x00000000e3780000)
  to   space 6144K, 0% used [0x00000000e4d80000,0x00000000e4d80000,0x00000000e5380000)
 ParOldGen       total 29184K, used 9907K [0x00000000a0000000, 0x00000000a1c80000, 0x00000000e0000000)
  object space 29184K, 33% used [0x00000000a0000000,0x00000000a09acd38,0x00000000a1c80000)
 Metaspace       used 27432K, capacity 28140K, committed 28416K, reserved 1073152K
  class space    used 3766K, capacity 3978K, committed 4096K, reserved 1048576K
}
Event: 33.712 GC heap before
{Heap before GC invocations=13 (full 1):
 PSYoungGen      total 56832K, used 56810K [0x00000000e0000000, 0x00000000e5380000, 0x0000000100000000)
  eden space 51712K, 100% used [0x00000000e0000000,0x00000000e3280000,0x00000000e3280000)
  from space 5120K, 99% used [0x00000000e3280000,0x00000000e377abe0,0x00000000e3780000)
  to   space 6144K, 0% used [0x00000000e4d80000,0x00000000e4d80000,0x00000000e5380000)
 ParOldGen       total 29184K, used 9907K [0x00000000a0000000, 0x00000000a1c80000, 0x00000000e0000000)
  object space 29184K, 33% used [0x00000000a0000000,0x00000000a09acd38,0x00000000a1c80000)
 Metaspace       used 30505K, capacity 31120K, committed 31232K, reserved 1075200K
  class space    used 4295K, capacity 4545K, committed 4608K, reserved 1048576K
Event: 33.724 GC heap after
Heap after GC invocations=13 (full 1):
 PSYoungGen      total 78848K, used 5482K [0x00000000e0000000, 0x00000000e5680000, 0x0000000100000000)
  eden space 72704K, 0% used [0x00000000e0000000,0x00000000e0000000,0x00000000e4700000)
  from space 6144K, 89% used [0x00000000e4d80000,0x00000000e52daab8,0x00000000e5380000)
  to   space 6656K, 0% used [0x00000000e4700000,0x00000000e4700000,0x00000000e4d80000)
 ParOldGen       total 29184K, used 12482K [0x00000000a0000000, 0x00000000a1c80000, 0x00000000e0000000)
  object space 29184K, 42% used [0x00000000a0000000,0x00000000a0c30820,0x00000000a1c80000)
 Metaspace       used 30505K, capacity 31120K, committed 31232K, reserved 1075200K
  class space    used 4295K, capacity 4545K, committed 4608K, reserved 1048576K
}
Event: 34.859 GC heap before
{Heap before GC invocations=14 (full 1):
 PSYoungGen      total 78848K, used 36009K [0x00000000e0000000, 0x00000000e5680000, 0x0000000100000000)
  eden space 72704K, 41% used [0x00000000e0000000,0x00000000e1dcfc10,0x00000000e4700000)
  from space 6144K, 89% used [0x00000000e4d80000,0x00000000e52daab8,0x00000000e5380000)
  to   space 6656K, 0% used [0x00000000e4700000,0x00000000e4700000,0x00000000e4d80000)
 ParOldGen       total 29184K, used 12482K [0x00000000a0000000, 0x00000000a1c80000, 0x00000000e0000000)
  object space 29184K, 42% used [0x00000000a0000000,0x00000000a0c30820,0x00000000a1c80000)
 Metaspace       used 34497K, capacity 35300K, committed 35416K, reserved 1079296K
  class space    used 4830K, capacity 5091K, committed 5120K, reserved 1048576K
Event: 34.870 GC heap after
Heap after GC invocations=14 (full 1):
 PSYoungGen      total 79360K, used 4056K [0x00000000e0000000, 0x00000000e7300000, 0x0000000100000000)
  eden space 72704K, 0% used [0x00000000e0000000,0x00000000e0000000,0x00000000e4700000)
  from space 6656K, 60% used [0x00000000e4700000,0x00000000e4af6198,0x00000000e4d80000)
  to   space 6656K, 0% used [0x00000000e6c80000,0x00000000e6c80000,0x00000000e7300000)
 ParOldGen       total 29184K, used 15074K [0x00000000a0000000, 0x00000000a1c80000, 0x00000000e0000000)
  object space 29184K, 51% used [0x00000000a0000000,0x00000000a0eb8870,0x00000000a1c80000)
 Metaspace       used 34497K, capacity 35300K, committed 35416K, reserved 1079296K
  class space    used 4830K, capacity 5091K, committed 5120K, reserved 1048576K
}
Event: 34.870 GC heap before
{Heap before GC invocations=15 (full 2):
 PSYoungGen      total 79360K, used 4056K [0x00000000e0000000, 0x00000000e7300000, 0x0000000100000000)
  eden space 72704K, 0% used [0x00000000e0000000,0x00000000e0000000,0x00000000e4700000)
  from space 6656K, 60% used [0x00000000e4700000,0x00000000e4af6198,0x00000000e4d80000)
  to   space 6656K, 0% used [0x00000000e6c80000,0x00000000e6c80000,0x00000000e7300000)
 ParOldGen       total 29184K, used 15074K [0x00000000a0000000, 0x00000000a1c80000, 0x00000000e0000000)
  object space 29184K, 51% used [0x00000000a0000000,0x00000000a0eb8870,0x00000000a1c80000)
 Metaspace       used 34497K, capacity 35300K, committed 35416K, reserved 1079296K
  class space    used 4830K, capacity 5091K, committed 5120K, reserved 1048576K
Event: 35.022 GC heap after
Heap after GC invocations=15 (full 2):
 PSYoungGen      total 79360K, used 0K [0x00000000e0000000, 0x00000000e7300000, 0x0000000100000000)
  eden space 72704K, 0% used [0x00000000e0000000,0x00000000e0000000,0x00000000e4700000)
  from space 6656K, 0% used [0x00000000e4700000,0x00000000e4700000,0x00000000e4d80000)
  to   space 6656K, 0% used [0x00000000e6c80000,0x00000000e6c80000,0x00000000e7300000)
 ParOldGen       total 47616K, used 17452K [0x00000000a0000000, 0x00000000a2e80000, 0x00000000e0000000)
  object space 47616K, 36% used [0x00000000a0000000,0x00000000a110b240,0x00000000a2e80000)
 Metaspace       used 34497K, capacity 35300K, committed 35416K, reserved 1079296K
  class space    used 4830K, capacity 5091K, committed 5120K, reserved 1048576K
}
Event: 36.874 GC heap before
{Heap before GC invocations=16 (full 2):
 PSYoungGen      total 79360K, used 72704K [0x00000000e0000000, 0x00000000e7300000, 0x0000000100000000)
  eden space 72704K, 100% used [0x00000000e0000000,0x00000000e4700000,0x00000000e4700000)
  from space 6656K, 0% used [0x00000000e4700000,0x00000000e4700000,0x00000000e4d80000)
  to   space 6656K, 0% used [0x00000000e6c80000,0x00000000e6c80000,0x00000000e7300000)
 ParOldGen       total 47616K, used 17452K [0x00000000a0000000, 0x00000000a2e80000, 0x00000000e0000000)
  object space 47616K, 36% used [0x00000000a0000000,0x00000000a110b240,0x00000000a2e80000)
 Metaspace       used 38931K, capacity 39690K, committed 39936K, reserved 1083392K
  class space    used 5335K, capacity 5594K, committed 5632K, reserved 1048576K
Event: 36.885 GC heap after
Heap after GC invocations=16 (full 2):
 PSYoungGen      total 103936K, used 6641K [0x00000000e0000000, 0x00000000e7300000, 0x0000000100000000)
  eden space 97280K, 0% used [0x00000000e0000000,0x00000000e0000000,0x00000000e5f00000)
  from space 6656K, 99% used [0x00000000e6c80000,0x00000000e72fc568,0x00000000e7300000)
  to   space 7680K, 0% used [0x00000000e6400000,0x00000000e6400000,0x00000000e6b80000)
 ParOldGen       total 47616K, used 18305K [0x00000000a0000000, 0x00000000a2e80000, 0x00000000e0000000)
  object space 47616K, 38% used [0x00000000a0000000,0x00000000a11e0618,0x00000000a2e80000)
 Metaspace       used 38931K, capacity 39690K, committed 39936K, reserved 1083392K
  class space    used 5335K, capacity 5594K, committed 5632K, reserved 1048576K
}

