# JRE version: OpenJDK Runtime Environment (8.0_152-b02) (build 1.8.0_152-release-1024-b02)
# Java VM: OpenJDK 64-Bit Server VM (25.152-b02 mixed mode windows-amd64 compressed oops)
Heap:
 PSYoungGen      total 72704K, used 14219K [0x00000000e0000000, 0x00000000e6680000, 0x0000000100000000)
  eden space 65536K, 10% used [0x00000000e0000000,0x00000000e0700e80,0x00000000e4000000)
  from space 7168K, 98% used [0x00000000e4000000,0x00000000e46e1fa8,0x00000000e4700000)
  to   space 7680K, 0% used [0x00000000e5f00000,0x00000000e5f00000,0x00000000e6680000)
 ParOldGen       total 34304K, used 9262K [0x00000000a0000000, 0x00000000a2180000, 0x00000000e0000000)
  object space 34304K, 26% used [0x00000000a0000000,0x00000000a090b818,0x00000000a2180000)
 Metaspace       used 26864K, capacity 27532K, committed 27776K, reserved 1073152K
  class space    used 3675K, capacity 3841K, committed 3968K, reserved 1048576K
GC Heap History (10 events):
Event: 3.061 GC heap before
{Heap before GC invocations=6 (full 0):
 PSYoungGen      total 18944K, used 18936K [0x00000000e0000000, 0x00000000e2b00000, 0x0000000100000000)
  eden space 16384K, 100% used [0x00000000e0000000,0x00000000e1000000,0x00000000e1000000)
  from space 2560K, 99% used [0x00000000e1000000,0x00000000e127e050,0x00000000e1280000)
  to   space 5632K, 0% used [0x00000000e2580000,0x00000000e2580000,0x00000000e2b00000)
 ParOldGen       total 44032K, used 5601K [0x00000000a0000000, 0x00000000a2b00000, 0x00000000e0000000)
  object space 44032K, 12% used [0x00000000a0000000,0x00000000a05785a8,0x00000000a2b00000)
 Metaspace       used 14551K, capacity 14870K, committed 14976K, reserved 1062912K
  class space    used 2032K, capacity 2155K, committed 2176K, reserved 1048576K
Event: 3.069 GC heap after
Heap after GC invocations=6 (full 0):
 PSYoungGen      total 38400K, used 4641K [0x00000000e0000000, 0x00000000e2b00000, 0x0000000100000000)
  eden space 32768K, 0% used [0x00000000e0000000,0x00000000e0000000,0x00000000e2000000)
  from space 5632K, 82% used [0x00000000e2580000,0x00000000e2a08788,0x00000000e2b00000)
  to   space 5632K, 0% used [0x00000000e2000000,0x00000000e2000000,0x00000000e2580000)
 ParOldGen       total 44032K, used 5601K [0x00000000a0000000, 0x00000000a2b00000, 0x00000000e0000000)
  object space 44032K, 12% used [0x00000000a0000000,0x00000000a05785a8,0x00000000a2b00000)
 Metaspace       used 14551K, capacity 14870K, committed 14976K, reserved 1062912K
  class space    used 2032K, capacity 2155K, committed 2176K, reserved 1048576K
}
Event: 3.732 GC heap before
{Heap before GC invocations=7 (full 0):
 PSYoungGen      total 38400K, used 37409K [0x00000000e0000000, 0x00000000e2b00000, 0x0000000100000000)
  eden space 32768K, 100% used [0x00000000e0000000,0x00000000e2000000,0x00000000e2000000)
  from space 5632K, 82% used [0x00000000e2580000,0x00000000e2a08788,0x00000000e2b00000)
  to   space 5632K, 0% used [0x00000000e2000000,0x00000000e2000000,0x00000000e2580000)
 ParOldGen       total 44032K, used 5601K [0x00000000a0000000, 0x00000000a2b00000, 0x00000000e0000000)
  object space 44032K, 12% used [0x00000000a0000000,0x00000000a05785a8,0x00000000a2b00000)
 Metaspace       used 17711K, capacity 18090K, committed 18304K, reserved 1064960K
  class space    used 2555K, capacity 2685K, committed 2688K, reserved 1048576K
Event: 3.750 GC heap after
Heap after GC invocations=7 (full 0):
 PSYoungGen      total 38400K, used 5627K [0x00000000e0000000, 0x00000000e4e00000, 0x0000000100000000)
  eden space 32768K, 0% used [0x00000000e0000000,0x00000000e0000000,0x00000000e2000000)
  from space 5632K, 99% used [0x00000000e2000000,0x00000000e257ec28,0x00000000e2580000)
  to   space 7168K, 0% used [0x00000000e4700000,0x00000000e4700000,0x00000000e4e00000)
 ParOldGen       total 44032K, used 7049K [0x00000000a0000000, 0x00000000a2b00000, 0x00000000e0000000)
  object space 44032K, 16% used [0x00000000a0000000,0x00000000a06e2490,0x00000000a2b00000)
 Metaspace       used 17711K, capacity 18090K, committed 18304K, reserved 1064960K
  class space    used 2555K, capacity 2685K, committed 2688K, reserved 1048576K
}
Event: 4.211 GC heap before
{Heap before GC invocations=8 (full 0):
 PSYoungGen      total 38400K, used 19437K [0x00000000e0000000, 0x00000000e4e00000, 0x0000000100000000)
  eden space 32768K, 42% used [0x00000000e0000000,0x00000000e0d7ca68,0x00000000e2000000)
  from space 5632K, 99% used [0x00000000e2000000,0x00000000e257ec28,0x00000000e2580000)
  to   space 7168K, 0% used [0x00000000e4700000,0x00000000e4700000,0x00000000e4e00000)
 ParOldGen       total 44032K, used 7049K [0x00000000a0000000, 0x00000000a2b00000, 0x00000000e0000000)
  object space 44032K, 16% used [0x00000000a0000000,0x00000000a06e2490,0x00000000a2b00000)
 Metaspace       used 20776K, capacity 21168K, committed 21248K, reserved 1067008K
  class space    used 2884K, capacity 3007K, committed 3072K, reserved 1048576K
Event: 4.222 GC heap after
Heap after GC invocations=8 (full 0):
 PSYoungGen      total 72704K, used 4836K [0x00000000e0000000, 0x00000000e4e00000, 0x0000000100000000)
  eden space 65536K, 0% used [0x00000000e0000000,0x00000000e0000000,0x00000000e4000000)
  from space 7168K, 67% used [0x00000000e4700000,0x00000000e4bb91e8,0x00000000e4e00000)
  to   space 7168K, 0% used [0x00000000e4000000,0x00000000e4000000,0x00000000e4700000)
 ParOldGen       total 44032K, used 7877K [0x00000000a0000000, 0x00000000a2b00000, 0x00000000e0000000)
  object space 44032K, 17% used [0x00000000a0000000,0x00000000a07b1558,0x00000000a2b00000)
 Metaspace       used 20776K, capacity 21168K, committed 21248K, reserved 1067008K
  class space    used 2884K, capacity 3007K, committed 3072K, reserved 1048576K
}
Event: 4.222 GC heap before
{Heap before GC invocations=9 (full 1):
 PSYoungGen      total 72704K, used 4836K [0x00000000e0000000, 0x00000000e4e00000, 0x0000000100000000)
  eden space 65536K, 0% used [0x00000000e0000000,0x00000000e0000000,0x00000000e4000000)
  from space 7168K, 67% used [0x00000000e4700000,0x00000000e4bb91e8,0x00000000e4e00000)
  to   space 7168K, 0% used [0x00000000e4000000,0x00000000e4000000,0x00000000e4700000)
 ParOldGen       total 44032K, used 7877K [0x00000000a0000000, 0x00000000a2b00000, 0x00000000e0000000)
  object space 44032K, 17% used [0x00000000a0000000,0x00000000a07b1558,0x00000000a2b00000)
 Metaspace       used 20776K, capacity 21168K, committed 21248K, reserved 1067008K
  class space    used 2884K, capacity 3007K, committed 3072K, reserved 1048576K
Event: 4.269 GC heap after
Heap after GC invocations=9 (full 1):
 PSYoungGen      total 72704K, used 0K [0x00000000e0000000, 0x00000000e4e00000, 0x0000000100000000)
  eden space 65536K, 0% used [0x00000000e0000000,0x00000000e0000000,0x00000000e4000000)
  from space 7168K, 0% used [0x00000000e4700000,0x00000000e4700000,0x00000000e4e00000)
  to   space 7168K, 0% used [0x00000000e4000000,0x00000000e4000000,0x00000000e4700000)
 ParOldGen       total 34304K, used 9254K [0x00000000a0000000, 0x00000000a2180000, 0x00000000e0000000)
  object space 34304K, 26% used [0x00000000a0000000,0x00000000a0909818,0x00000000a2180000)
 Metaspace       used 20776K, capacity 21168K, committed 21248K, reserved 1067008K
  class space    used 2884K, capacity 3007K, committed 3072K, reserved 1048576K
}
Event: 5.788 GC heap before
{Heap before GC invocations=10 (full 1):
 PSYoungGen      total 72704K, used 65509K [0x00000000e0000000, 0x00000000e4e00000, 0x0000000100000000)
  eden space 65536K, 99% used [0x00000000e0000000,0x00000000e3ff96b0,0x00000000e4000000)
  from space 7168K, 0% used [0x00000000e4700000,0x00000000e4700000,0x00000000e4e00000)
  to   space 7168K, 0% used [0x00000000e4000000,0x00000000e4000000,0x00000000e4700000)
 ParOldGen       total 34304K, used 9254K [0x00000000a0000000, 0x00000000a2180000, 0x00000000e0000000)
  object space 34304K, 26% used [0x00000000a0000000,0x00000000a0909818,0x00000000a2180000)
 Metaspace       used 26070K, capacity 26528K, committed 26624K, reserved 1073152K
  class space    used 3633K, capacity 3805K, committed 3840K, reserved 1048576K
Event: 5.799 GC heap after
Heap after GC invocations=10 (full 1):
 PSYoungGen      total 72704K, used 7047K [0x00000000e0000000, 0x00000000e6680000, 0x0000000100000000)
  eden space 65536K, 0% used [0x00000000e0000000,0x00000000e0000000,0x00000000e4000000)
  from space 7168K, 98% used [0x00000000e4000000,0x00000000e46e1fa8,0x00000000e4700000)
  to   space 7680K, 0% used [0x00000000e5f00000,0x00000000e5f00000,0x00000000e6680000)
 ParOldGen       total 34304K, used 9262K [0x00000000a0000000, 0x00000000a2180000, 0x00000000e0000000)
  object space 34304K, 26% used [0x00000000a0000000,0x00000000a090b818,0x00000000a2180000)
 Metaspace       used 26070K, capacity 26528K, committed 26624K, reserved 1073152K
  class space    used 3633K, capacity 3805K, committed 3840K, reserved 1048576K
}

