# JRE version: OpenJDK Runtime Environment (8.0_152-b02) (build 1.8.0_152-release-1024-b02)
# Java VM: OpenJDK 64-Bit Server VM (25.152-b02 mixed mode windows-amd64 compressed oops)
Heap:
 PSYoungGen      total 51200K, used 27447K [0x00000000e0000000, 0x00000000e3980000, 0x0000000100000000)
  eden space 44544K, 50% used [0x00000000e0000000,0x00000000e15c0500,0x00000000e2b80000)
  from space 6656K, 77% used [0x00000000e3280000,0x00000000e378d9b8,0x00000000e3900000)
  to   space 7168K, 0% used [0x00000000e2b80000,0x00000000e2b80000,0x00000000e3280000)
 ParOldGen       total 32768K, used 8161K [0x00000000a0000000, 0x00000000a2000000, 0x00000000e0000000)
  object space 32768K, 24% used [0x00000000a0000000,0x00000000a07f85f8,0x00000000a2000000)
 Metaspace       used 27751K, capacity 28364K, committed 28672K, reserved 1073152K
  class space    used 3813K, capacity 4010K, committed 4096K, reserved 1048576K
GC Heap History (10 events):
Event: 4.281 GC heap before
{Heap before GC invocations=7 (full 0):
 PSYoungGen      total 38400K, used 37345K [0x00000000e0000000, 0x00000000e2b00000, 0x0000000100000000)
  eden space 32768K, 100% used [0x00000000e0000000,0x00000000e2000000,0x00000000e2000000)
  from space 5632K, 81% used [0x00000000e2580000,0x00000000e29f87a8,0x00000000e2b00000)
  to   space 5632K, 0% used [0x00000000e2000000,0x00000000e2000000,0x00000000e2580000)
 ParOldGen       total 44032K, used 5675K [0x00000000a0000000, 0x00000000a2b00000, 0x00000000e0000000)
  object space 44032K, 12% used [0x00000000a0000000,0x00000000a058ae88,0x00000000a2b00000)
 Metaspace       used 17705K, capacity 18090K, committed 18304K, reserved 1064960K
  class space    used 2555K, capacity 2685K, committed 2688K, reserved 1048576K
Event: 4.298 GC heap after
Heap after GC invocations=7 (full 0):
 PSYoungGen      total 38400K, used 5625K [0x00000000e0000000, 0x00000000e2b00000, 0x0000000100000000)
  eden space 32768K, 0% used [0x00000000e0000000,0x00000000e0000000,0x00000000e2000000)
  from space 5632K, 99% used [0x00000000e2000000,0x00000000e257e7a0,0x00000000e2580000)
  to   space 5632K, 0% used [0x00000000e2580000,0x00000000e2580000,0x00000000e2b00000)
 ParOldGen       total 44032K, used 7001K [0x00000000a0000000, 0x00000000a2b00000, 0x00000000e0000000)
  object space 44032K, 15% used [0x00000000a0000000,0x00000000a06d6498,0x00000000a2b00000)
 Metaspace       used 17705K, capacity 18090K, committed 18304K, reserved 1064960K
  class space    used 2555K, capacity 2685K, committed 2688K, reserved 1048576K
}
Event: 4.870 GC heap before
{Heap before GC invocations=8 (full 0):
 PSYoungGen      total 38400K, used 19460K [0x00000000e0000000, 0x00000000e2b00000, 0x0000000100000000)
  eden space 32768K, 42% used [0x00000000e0000000,0x00000000e0d82ad0,0x00000000e2000000)
  from space 5632K, 99% used [0x00000000e2000000,0x00000000e257e7a0,0x00000000e2580000)
  to   space 5632K, 0% used [0x00000000e2580000,0x00000000e2580000,0x00000000e2b00000)
 ParOldGen       total 44032K, used 7001K [0x00000000a0000000, 0x00000000a2b00000, 0x00000000e0000000)
  object space 44032K, 15% used [0x00000000a0000000,0x00000000a06d6498,0x00000000a2b00000)
 Metaspace       used 20775K, capacity 21168K, committed 21248K, reserved 1067008K
  class space    used 2883K, capacity 3007K, committed 3072K, reserved 1048576K
Event: 4.907 GC heap after
Heap after GC invocations=8 (full 0):
 PSYoungGen      total 38400K, used 4804K [0x00000000e0000000, 0x00000000e2b00000, 0x0000000100000000)
  eden space 32768K, 0% used [0x00000000e0000000,0x00000000e0000000,0x00000000e2000000)
  from space 5632K, 85% used [0x00000000e2580000,0x00000000e2a310e0,0x00000000e2b00000)
  to   space 5632K, 0% used [0x00000000e2000000,0x00000000e2000000,0x00000000e2580000)
 ParOldGen       total 44032K, used 8041K [0x00000000a0000000, 0x00000000a2b00000, 0x00000000e0000000)
  object space 44032K, 18% used [0x00000000a0000000,0x00000000a07da548,0x00000000a2b00000)
 Metaspace       used 20775K, capacity 21168K, committed 21248K, reserved 1067008K
  class space    used 2883K, capacity 3007K, committed 3072K, reserved 1048576K
}
Event: 4.907 GC heap before
{Heap before GC invocations=9 (full 1):
 PSYoungGen      total 38400K, used 4804K [0x00000000e0000000, 0x00000000e2b00000, 0x0000000100000000)
  eden space 32768K, 0% used [0x00000000e0000000,0x00000000e0000000,0x00000000e2000000)
  from space 5632K, 85% used [0x00000000e2580000,0x00000000e2a310e0,0x00000000e2b00000)
  to   space 5632K, 0% used [0x00000000e2000000,0x00000000e2000000,0x00000000e2580000)
 ParOldGen       total 44032K, used 8041K [0x00000000a0000000, 0x00000000a2b00000, 0x00000000e0000000)
  object space 44032K, 18% used [0x00000000a0000000,0x00000000a07da548,0x00000000a2b00000)
 Metaspace       used 20775K, capacity 21168K, committed 21248K, reserved 1067008K
  class space    used 2883K, capacity 3007K, committed 3072K, reserved 1048576K
Event: 4.988 GC heap after
Heap after GC invocations=9 (full 1):
 PSYoungGen      total 38400K, used 0K [0x00000000e0000000, 0x00000000e2b00000, 0x0000000100000000)
  eden space 32768K, 0% used [0x00000000e0000000,0x00000000e0000000,0x00000000e2000000)
  from space 5632K, 0% used [0x00000000e2580000,0x00000000e2580000,0x00000000e2b00000)
  to   space 5632K, 0% used [0x00000000e2000000,0x00000000e2000000,0x00000000e2580000)
 ParOldGen       total 32768K, used 8145K [0x00000000a0000000, 0x00000000a2000000, 0x00000000e0000000)
  object space 32768K, 24% used [0x00000000a0000000,0x00000000a07f45f8,0x00000000a2000000)
 Metaspace       used 20775K, capacity 21168K, committed 21248K, reserved 1067008K
  class space    used 2883K, capacity 3007K, committed 3072K, reserved 1048576K
}
Event: 5.968 GC heap before
{Heap before GC invocations=10 (full 1):
 PSYoungGen      total 38400K, used 32768K [0x00000000e0000000, 0x00000000e2b00000, 0x0000000100000000)
  eden space 32768K, 100% used [0x00000000e0000000,0x00000000e2000000,0x00000000e2000000)
  from space 5632K, 0% used [0x00000000e2580000,0x00000000e2580000,0x00000000e2b00000)
  to   space 5632K, 0% used [0x00000000e2000000,0x00000000e2000000,0x00000000e2580000)
 ParOldGen       total 32768K, used 8145K [0x00000000a0000000, 0x00000000a2000000, 0x00000000e0000000)
  object space 32768K, 24% used [0x00000000a0000000,0x00000000a07f45f8,0x00000000a2000000)
 Metaspace       used 23821K, capacity 24264K, committed 24448K, reserved 1071104K
  class space    used 3272K, capacity 3399K, committed 3456K, reserved 1048576K
Event: 5.974 GC heap after
Heap after GC invocations=10 (full 1):
 PSYoungGen      total 38400K, used 3581K [0x00000000e0000000, 0x00000000e3900000, 0x0000000100000000)
  eden space 32768K, 0% used [0x00000000e0000000,0x00000000e0000000,0x00000000e2000000)
  from space 5632K, 63% used [0x00000000e2000000,0x00000000e237f520,0x00000000e2580000)
  to   space 6656K, 0% used [0x00000000e3280000,0x00000000e3280000,0x00000000e3900000)
 ParOldGen       total 32768K, used 8153K [0x00000000a0000000, 0x00000000a2000000, 0x00000000e0000000)
  object space 32768K, 24% used [0x00000000a0000000,0x00000000a07f65f8,0x00000000a2000000)
 Metaspace       used 23821K, capacity 24264K, committed 24448K, reserved 1071104K
  class space    used 3272K, capacity 3399K, committed 3456K, reserved 1048576K
}
Event: 6.630 GC heap before
{Heap before GC invocations=11 (full 1):
 PSYoungGen      total 38400K, used 35991K [0x00000000e0000000, 0x00000000e3900000, 0x0000000100000000)
  eden space 32768K, 98% used [0x00000000e0000000,0x00000000e1fa6848,0x00000000e2000000)
  from space 5632K, 63% used [0x00000000e2000000,0x00000000e237f520,0x00000000e2580000)
  to   space 6656K, 0% used [0x00000000e3280000,0x00000000e3280000,0x00000000e3900000)
 ParOldGen       total 32768K, used 8153K [0x00000000a0000000, 0x00000000a2000000, 0x00000000e0000000)
  object space 32768K, 24% used [0x00000000a0000000,0x00000000a07f65f8,0x00000000a2000000)
 Metaspace       used 26085K, capacity 26592K, committed 26880K, reserved 1073152K
  class space    used 3633K, capacity 3805K, committed 3840K, reserved 1048576K
Event: 6.637 GC heap after
Heap after GC invocations=11 (full 1):
 PSYoungGen      total 51200K, used 5174K [0x00000000e0000000, 0x00000000e3980000, 0x0000000100000000)
  eden space 44544K, 0% used [0x00000000e0000000,0x00000000e0000000,0x00000000e2b80000)
  from space 6656K, 77% used [0x00000000e3280000,0x00000000e378d9b8,0x00000000e3900000)
  to   space 7168K, 0% used [0x00000000e2b80000,0x00000000e2b80000,0x00000000e3280000)
 ParOldGen       total 32768K, used 8161K [0x00000000a0000000, 0x00000000a2000000, 0x00000000e0000000)
  object space 32768K, 24% used [0x00000000a0000000,0x00000000a07f85f8,0x00000000a2000000)
 Metaspace       used 26085K, capacity 26592K, committed 26880K, reserved 1073152K
  class space    used 3633K, capacity 3805K, committed 3840K, reserved 1048576K
}

