# JRE version: OpenJDK Runtime Environment (8.0_152-b02) (build 1.8.0_152-release-1024-b02)
# Java VM: OpenJDK 64-Bit Server VM (25.152-b02 mixed mode windows-amd64 compressed oops)
Heap:
 PSYoungGen      total 96256K, used 34887K [0x00000000eab00000, 0x00000000f1700000, 0x0000000100000000)
  eden space 88576K, 30% used [0x00000000eab00000,0x00000000ec597b68,0x00000000f0180000)
  from space 7680K, 99% used [0x00000000f0b00000,0x00000000f127a2c0,0x00000000f1280000)
  to   space 9728K, 0% used [0x00000000f0180000,0x00000000f0180000,0x00000000f0b00000)
 ParOldGen       total 32768K, used 10617K [0x00000000c0000000, 0x00000000c2000000, 0x00000000eab00000)
  object space 32768K, 32% used [0x00000000c0000000,0x00000000c0a5e6a8,0x00000000c2000000)
 Metaspace       used 33109K, capacity 33908K, committed 34176K, reserved 1079296K
  class space    used 4633K, capacity 4904K, committed 4992K, reserved 1048576K
GC Heap History (10 events):
Event: 3.591 GC heap before
{Heap before GC invocations=7 (full 0):
 PSYoungGen      total 38400K, used 37409K [0x00000000eab00000, 0x00000000ed600000, 0x0000000100000000)
  eden space 32768K, 100% used [0x00000000eab00000,0x00000000ecb00000,0x00000000ecb00000)
  from space 5632K, 82% used [0x00000000ed080000,0x00000000ed508788,0x00000000ed600000)
  to   space 5632K, 0% used [0x00000000ecb00000,0x00000000ecb00000,0x00000000ed080000)
 ParOldGen       total 44032K, used 5643K [0x00000000c0000000, 0x00000000c2b00000, 0x00000000eab00000)
  object space 44032K, 12% used [0x00000000c0000000,0x00000000c0582e70,0x00000000c2b00000)
 Metaspace       used 17789K, capacity 18218K, committed 18304K, reserved 1064960K
  class space    used 2562K, capacity 2685K, committed 2688K, reserved 1048576K
Event: 3.614 GC heap after
Heap after GC invocations=7 (full 0):
 PSYoungGen      total 38400K, used 5612K [0x00000000eab00000, 0x00000000ef900000, 0x0000000100000000)
  eden space 32768K, 0% used [0x00000000eab00000,0x00000000eab00000,0x00000000ecb00000)
  from space 5632K, 99% used [0x00000000ecb00000,0x00000000ed07b200,0x00000000ed080000)
  to   space 7168K, 0% used [0x00000000ef200000,0x00000000ef200000,0x00000000ef900000)
 ParOldGen       total 44032K, used 7110K [0x00000000c0000000, 0x00000000c2b00000, 0x00000000eab00000)
  object space 44032K, 16% used [0x00000000c0000000,0x00000000c06f19a0,0x00000000c2b00000)
 Metaspace       used 17789K, capacity 18218K, committed 18304K, reserved 1064960K
  class space    used 2562K, capacity 2685K, committed 2688K, reserved 1048576K
}
Event: 4.026 GC heap before
{Heap before GC invocations=8 (full 0):
 PSYoungGen      total 38400K, used 18898K [0x00000000eab00000, 0x00000000ef900000, 0x0000000100000000)
  eden space 32768K, 40% used [0x00000000eab00000,0x00000000eb7f98b8,0x00000000ecb00000)
  from space 5632K, 99% used [0x00000000ecb00000,0x00000000ed07b200,0x00000000ed080000)
  to   space 7168K, 0% used [0x00000000ef200000,0x00000000ef200000,0x00000000ef900000)
 ParOldGen       total 44032K, used 7110K [0x00000000c0000000, 0x00000000c2b00000, 0x00000000eab00000)
  object space 44032K, 16% used [0x00000000c0000000,0x00000000c06f19a0,0x00000000c2b00000)
 Metaspace       used 20788K, capacity 21200K, committed 21248K, reserved 1067008K
  class space    used 2896K, capacity 3039K, committed 3072K, reserved 1048576K
Event: 4.038 GC heap after
Heap after GC invocations=8 (full 0):
 PSYoungGen      total 72704K, used 4782K [0x00000000eab00000, 0x00000000ef900000, 0x0000000100000000)
  eden space 65536K, 0% used [0x00000000eab00000,0x00000000eab00000,0x00000000eeb00000)
  from space 7168K, 66% used [0x00000000ef200000,0x00000000ef6aba98,0x00000000ef900000)
  to   space 7168K, 0% used [0x00000000eeb00000,0x00000000eeb00000,0x00000000ef200000)
 ParOldGen       total 44032K, used 8090K [0x00000000c0000000, 0x00000000c2b00000, 0x00000000eab00000)
  object space 44032K, 18% used [0x00000000c0000000,0x00000000c07e6a68,0x00000000c2b00000)
 Metaspace       used 20788K, capacity 21200K, committed 21248K, reserved 1067008K
  class space    used 2896K, capacity 3039K, committed 3072K, reserved 1048576K
}
Event: 4.038 GC heap before
{Heap before GC invocations=9 (full 1):
 PSYoungGen      total 72704K, used 4782K [0x00000000eab00000, 0x00000000ef900000, 0x0000000100000000)
  eden space 65536K, 0% used [0x00000000eab00000,0x00000000eab00000,0x00000000eeb00000)
  from space 7168K, 66% used [0x00000000ef200000,0x00000000ef6aba98,0x00000000ef900000)
  to   space 7168K, 0% used [0x00000000eeb00000,0x00000000eeb00000,0x00000000ef200000)
 ParOldGen       total 44032K, used 8090K [0x00000000c0000000, 0x00000000c2b00000, 0x00000000eab00000)
  object space 44032K, 18% used [0x00000000c0000000,0x00000000c07e6a68,0x00000000c2b00000)
 Metaspace       used 20788K, capacity 21200K, committed 21248K, reserved 1067008K
  class space    used 2896K, capacity 3039K, committed 3072K, reserved 1048576K
Event: 4.088 GC heap after
Heap after GC invocations=9 (full 1):
 PSYoungGen      total 72704K, used 0K [0x00000000eab00000, 0x00000000ef900000, 0x0000000100000000)
  eden space 65536K, 0% used [0x00000000eab00000,0x00000000eab00000,0x00000000eeb00000)
  from space 7168K, 0% used [0x00000000ef200000,0x00000000ef200000,0x00000000ef900000)
  to   space 7168K, 0% used [0x00000000eeb00000,0x00000000eeb00000,0x00000000ef200000)
 ParOldGen       total 32768K, used 8137K [0x00000000c0000000, 0x00000000c2000000, 0x00000000eab00000)
  object space 32768K, 24% used [0x00000000c0000000,0x00000000c07f2610,0x00000000c2000000)
 Metaspace       used 20788K, capacity 21200K, committed 21248K, reserved 1067008K
  class space    used 2896K, capacity 3039K, committed 3072K, reserved 1048576K
}
Event: 5.412 GC heap before
{Heap before GC invocations=10 (full 1):
 PSYoungGen      total 72704K, used 65476K [0x00000000eab00000, 0x00000000ef900000, 0x0000000100000000)
  eden space 65536K, 99% used [0x00000000eab00000,0x00000000eeaf13d8,0x00000000eeb00000)
  from space 7168K, 0% used [0x00000000ef200000,0x00000000ef200000,0x00000000ef900000)
  to   space 7168K, 0% used [0x00000000eeb00000,0x00000000eeb00000,0x00000000ef200000)
 ParOldGen       total 32768K, used 8137K [0x00000000c0000000, 0x00000000c2000000, 0x00000000eab00000)
  object space 32768K, 24% used [0x00000000c0000000,0x00000000c07f2610,0x00000000c2000000)
 Metaspace       used 26090K, capacity 26592K, committed 26880K, reserved 1073152K
  class space    used 3633K, capacity 3805K, committed 3840K, reserved 1048576K
Event: 5.423 GC heap after
Heap after GC invocations=10 (full 1):
 PSYoungGen      total 72704K, used 6975K [0x00000000eab00000, 0x00000000f1280000, 0x0000000100000000)
  eden space 65536K, 0% used [0x00000000eab00000,0x00000000eab00000,0x00000000eeb00000)
  from space 7168K, 97% used [0x00000000eeb00000,0x00000000ef1cfe40,0x00000000ef200000)
  to   space 7680K, 0% used [0x00000000f0b00000,0x00000000f0b00000,0x00000000f1280000)
 ParOldGen       total 32768K, used 8145K [0x00000000c0000000, 0x00000000c2000000, 0x00000000eab00000)
  object space 32768K, 24% used [0x00000000c0000000,0x00000000c07f4610,0x00000000c2000000)
 Metaspace       used 26090K, capacity 26592K, committed 26880K, reserved 1073152K
  class space    used 3633K, capacity 3805K, committed 3840K, reserved 1048576K
}
Event: 6.519 GC heap before
{Heap before GC invocations=11 (full 1):
 PSYoungGen      total 72704K, used 72511K [0x00000000eab00000, 0x00000000f1280000, 0x0000000100000000)
  eden space 65536K, 100% used [0x00000000eab00000,0x00000000eeb00000,0x00000000eeb00000)
  from space 7168K, 97% used [0x00000000eeb00000,0x00000000ef1cfe40,0x00000000ef200000)
  to   space 7680K, 0% used [0x00000000f0b00000,0x00000000f0b00000,0x00000000f1280000)
 ParOldGen       total 32768K, used 8145K [0x00000000c0000000, 0x00000000c2000000, 0x00000000eab00000)
  object space 32768K, 24% used [0x00000000c0000000,0x00000000c07f4610,0x00000000c2000000)
 Metaspace       used 30274K, capacity 30960K, committed 31104K, reserved 1075200K
  class space    used 4252K, capacity 4449K, committed 4480K, reserved 1048576K
Event: 6.544 GC heap after
Heap after GC invocations=11 (full 1):
 PSYoungGen      total 96256K, used 7656K [0x00000000eab00000, 0x00000000f1700000, 0x0000000100000000)
  eden space 88576K, 0% used [0x00000000eab00000,0x00000000eab00000,0x00000000f0180000)
  from space 7680K, 99% used [0x00000000f0b00000,0x00000000f127a2c0,0x00000000f1280000)
  to   space 9728K, 0% used [0x00000000f0180000,0x00000000f0180000,0x00000000f0b00000)
 ParOldGen       total 32768K, used 10617K [0x00000000c0000000, 0x00000000c2000000, 0x00000000eab00000)
  object space 32768K, 32% used [0x00000000c0000000,0x00000000c0a5e6a8,0x00000000c2000000)
 Metaspace       used 30274K, capacity 30960K, committed 31104K, reserved 1075200K
  class space    used 4252K, capacity 4449K, committed 4480K, reserved 1048576K
}

