# JRE version: OpenJDK Runtime Environment (8.0_152-b02) (build 1.8.0_152-release-1024-b02)
# Java VM: OpenJDK 64-Bit Server VM (25.152-b02 mixed mode windows-amd64 compressed oops)
Heap:
 PSYoungGen      total 149504K, used 70623K [0x00000000e0000000, 0x00000000eab80000, 0x0000000100000000)
  eden space 135680K, 42% used [0x00000000e0000000,0x00000000e37a9c60,0x00000000e8480000)
  from space 13824K, 98% used [0x00000000e9400000,0x00000000ea14e0c0,0x00000000ea180000)
  to   space 15872K, 0% used [0x00000000e8480000,0x00000000e8480000,0x00000000e9400000)
 ParOldGen       total 56832K, used 32544K [0x00000000a0000000, 0x00000000a3780000, 0x00000000e0000000)
  object space 56832K, 57% used [0x00000000a0000000,0x00000000a1fc8058,0x00000000a3780000)
 Metaspace       used 56799K, capacity 58272K, committed 58456K, reserved 1099776K
  class space    used 7614K, capacity 7963K, committed 8064K, reserved 1048576K
GC Heap History (10 events):
Event: 7.626 GC heap before
{Heap before GC invocations=12 (full 1):
 PSYoungGen      total 95232K, used 31251K [0x00000000e0000000, 0x00000000e6800000, 0x0000000100000000)
  eden space 87552K, 26% used [0x00000000e0000000,0x00000000e17077f8,0x00000000e5580000)
  from space 7680K, 99% used [0x00000000e5e80000,0x00000000e65fd7a8,0x00000000e6600000)
  to   space 9216K, 0% used [0x00000000e5580000,0x00000000e5580000,0x00000000e5e80000)
 ParOldGen       total 35328K, used 10986K [0x00000000a0000000, 0x00000000a2280000, 0x00000000e0000000)
  object space 35328K, 31% used [0x00000000a0000000,0x00000000a0ababb0,0x00000000a2280000)
 Metaspace       used 34821K, capacity 35272K, committed 35416K, reserved 1079296K
  class space    used 4767K, capacity 4946K, committed 4992K, reserved 1048576K
Event: 7.640 GC heap after
Heap after GC invocations=12 (full 1):
 PSYoungGen      total 96768K, used 3794K [0x00000000e0000000, 0x00000000e8600000, 0x0000000100000000)
  eden space 87552K, 0% used [0x00000000e0000000,0x00000000e0000000,0x00000000e5580000)
  from space 9216K, 41% used [0x00000000e5580000,0x00000000e5934ad8,0x00000000e5e80000)
  to   space 9216K, 0% used [0x00000000e7d00000,0x00000000e7d00000,0x00000000e8600000)
 ParOldGen       total 35328K, used 16711K [0x00000000a0000000, 0x00000000a2280000, 0x00000000e0000000)
  object space 35328K, 47% used [0x00000000a0000000,0x00000000a1051fb0,0x00000000a2280000)
 Metaspace       used 34821K, capacity 35272K, committed 35416K, reserved 1079296K
  class space    used 4767K, capacity 4946K, committed 4992K, reserved 1048576K
}
Event: 7.640 GC heap before
{Heap before GC invocations=13 (full 2):
 PSYoungGen      total 96768K, used 3794K [0x00000000e0000000, 0x00000000e8600000, 0x0000000100000000)
  eden space 87552K, 0% used [0x00000000e0000000,0x00000000e0000000,0x00000000e5580000)
  from space 9216K, 41% used [0x00000000e5580000,0x00000000e5934ad8,0x00000000e5e80000)
  to   space 9216K, 0% used [0x00000000e7d00000,0x00000000e7d00000,0x00000000e8600000)
 ParOldGen       total 35328K, used 16711K [0x00000000a0000000, 0x00000000a2280000, 0x00000000e0000000)
  object space 35328K, 47% used [0x00000000a0000000,0x00000000a1051fb0,0x00000000a2280000)
 Metaspace       used 34821K, capacity 35272K, committed 35416K, reserved 1079296K
  class space    used 4767K, capacity 4946K, committed 4992K, reserved 1048576K
Event: 7.757 GC heap after
Heap after GC invocations=13 (full 2):
 PSYoungGen      total 96768K, used 0K [0x00000000e0000000, 0x00000000e8600000, 0x0000000100000000)
  eden space 87552K, 0% used [0x00000000e0000000,0x00000000e0000000,0x00000000e5580000)
  from space 9216K, 0% used [0x00000000e5580000,0x00000000e5580000,0x00000000e5e80000)
  to   space 9216K, 0% used [0x00000000e7d00000,0x00000000e7d00000,0x00000000e8600000)
 ParOldGen       total 56832K, used 16339K [0x00000000a0000000, 0x00000000a3780000, 0x00000000e0000000)
  object space 56832K, 28% used [0x00000000a0000000,0x00000000a0ff4f58,0x00000000a3780000)
 Metaspace       used 34821K, capacity 35272K, committed 35416K, reserved 1079296K
  class space    used 4767K, capacity 4946K, committed 4992K, reserved 1048576K
}
Event: 9.067 GC heap before
{Heap before GC invocations=14 (full 2):
 PSYoungGen      total 96768K, used 87552K [0x00000000e0000000, 0x00000000e8600000, 0x0000000100000000)
  eden space 87552K, 100% used [0x00000000e0000000,0x00000000e5580000,0x00000000e5580000)
  from space 9216K, 0% used [0x00000000e5580000,0x00000000e5580000,0x00000000e5e80000)
  to   space 9216K, 0% used [0x00000000e7d00000,0x00000000e7d00000,0x00000000e8600000)
 ParOldGen       total 56832K, used 16339K [0x00000000a0000000, 0x00000000a3780000, 0x00000000e0000000)
  object space 56832K, 28% used [0x00000000a0000000,0x00000000a0ff4f58,0x00000000a3780000)
 Metaspace       used 39822K, capacity 40474K, committed 40792K, reserved 1085440K
  class space    used 5413K, capacity 5644K, committed 5760K, reserved 1048576K
Event: 9.082 GC heap after
Heap after GC invocations=14 (full 2):
 PSYoungGen      total 118784K, used 9186K [0x00000000e0000000, 0x00000000e8600000, 0x0000000100000000)
  eden space 109568K, 0% used [0x00000000e0000000,0x00000000e0000000,0x00000000e6b00000)
  from space 9216K, 99% used [0x00000000e7d00000,0x00000000e85f88d8,0x00000000e8600000)
  to   space 10240K, 0% used [0x00000000e7200000,0x00000000e7200000,0x00000000e7c00000)
 ParOldGen       total 56832K, used 16347K [0x00000000a0000000, 0x00000000a3780000, 0x00000000e0000000)
  object space 56832K, 28% used [0x00000000a0000000,0x00000000a0ff6f58,0x00000000a3780000)
 Metaspace       used 39822K, capacity 40474K, committed 40792K, reserved 1085440K
  class space    used 5413K, capacity 5644K, committed 5760K, reserved 1048576K
}
Event: 10.947 GC heap before
{Heap before GC invocations=15 (full 2):
 PSYoungGen      total 118784K, used 118754K [0x00000000e0000000, 0x00000000e8600000, 0x0000000100000000)
  eden space 109568K, 100% used [0x00000000e0000000,0x00000000e6b00000,0x00000000e6b00000)
  from space 9216K, 99% used [0x00000000e7d00000,0x00000000e85f88d8,0x00000000e8600000)
  to   space 10240K, 0% used [0x00000000e7200000,0x00000000e7200000,0x00000000e7c00000)
 ParOldGen       total 56832K, used 16347K [0x00000000a0000000, 0x00000000a3780000, 0x00000000e0000000)
  object space 56832K, 28% used [0x00000000a0000000,0x00000000a0ff6f58,0x00000000a3780000)
 Metaspace       used 49322K, capacity 50634K, committed 50904K, reserved 1093632K
  class space    used 6705K, capacity 7062K, committed 7168K, reserved 1048576K
Event: 10.983 GC heap after
Heap after GC invocations=15 (full 2):
 PSYoungGen      total 126976K, used 10237K [0x00000000e0000000, 0x00000000ea180000, 0x0000000100000000)
  eden space 116736K, 0% used [0x00000000e0000000,0x00000000e0000000,0x00000000e7200000)
  from space 10240K, 99% used [0x00000000e7200000,0x00000000e7bff4f0,0x00000000e7c00000)
  to   space 13824K, 0% used [0x00000000e9400000,0x00000000e9400000,0x00000000ea180000)
 ParOldGen       total 56832K, used 22368K [0x00000000a0000000, 0x00000000a3780000, 0x00000000e0000000)
  object space 56832K, 39% used [0x00000000a0000000,0x00000000a15d80d8,0x00000000a3780000)
 Metaspace       used 49322K, capacity 50634K, committed 50904K, reserved 1093632K
  class space    used 6705K, capacity 7062K, committed 7168K, reserved 1048576K
}
Event: 15.685 GC heap before
{Heap before GC invocations=16 (full 2):
 PSYoungGen      total 126976K, used 126973K [0x00000000e0000000, 0x00000000ea180000, 0x0000000100000000)
  eden space 116736K, 100% used [0x00000000e0000000,0x00000000e7200000,0x00000000e7200000)
  from space 10240K, 99% used [0x00000000e7200000,0x00000000e7bff4f0,0x00000000e7c00000)
  to   space 13824K, 0% used [0x00000000e9400000,0x00000000e9400000,0x00000000ea180000)
 ParOldGen       total 56832K, used 22368K [0x00000000a0000000, 0x00000000a3780000, 0x00000000e0000000)
  object space 56832K, 39% used [0x00000000a0000000,0x00000000a15d80d8,0x00000000a3780000)
 Metaspace       used 54044K, capacity 55550K, committed 55896K, reserved 1097728K
  class space    used 7335K, capacity 7714K, committed 7808K, reserved 1048576K
Event: 15.719 GC heap after
Heap after GC invocations=16 (full 2):
 PSYoungGen      total 149504K, used 13624K [0x00000000e0000000, 0x00000000eab80000, 0x0000000100000000)
  eden space 135680K, 0% used [0x00000000e0000000,0x00000000e0000000,0x00000000e8480000)
  from space 13824K, 98% used [0x00000000e9400000,0x00000000ea14e0c0,0x00000000ea180000)
  to   space 15872K, 0% used [0x00000000e8480000,0x00000000e8480000,0x00000000e9400000)
 ParOldGen       total 56832K, used 32544K [0x00000000a0000000, 0x00000000a3780000, 0x00000000e0000000)
  object space 56832K, 57% used [0x00000000a0000000,0x00000000a1fc8058,0x00000000a3780000)
 Metaspace       used 54044K, capacity 55550K, committed 55896K, reserved 1097728K
  class space    used 7335K, capacity 7714K, committed 7808K, reserved 1048576K
}

