# JRE version: OpenJDK Runtime Environment (8.0_152-b02) (build 1.8.0_152-release-1024-b02)
# Java VM: OpenJDK 64-Bit Server VM (25.152-b02 mixed mode windows-amd64 compressed oops)
Heap:
 PSYoungGen      total 96768K, used 58983K [0x00000000e0000000, 0x00000000e6980000, 0x0000000100000000)
  eden space 87040K, 67% used [0x00000000e0000000,0x00000000e3999f60,0x00000000e5500000)
  from space 9728K, 0% used [0x00000000e5500000,0x00000000e5500000,0x00000000e5e80000)
  to   space 7680K, 0% used [0x00000000e5e80000,0x00000000e5e80000,0x00000000e6600000)
 ParOldGen       total 33280K, used 17710K [0x00000000a0000000, 0x00000000a2080000, 0x00000000e0000000)
  object space 33280K, 53% used [0x00000000a0000000,0x00000000a114b9b8,0x00000000a2080000)
 Metaspace       used 38528K, capacity 39338K, committed 39680K, reserved 1083392K
  class space    used 5275K, capacity 5562K, committed 5632K, reserved 1048576K
GC Heap History (10 events):
Event: 4.254 GC heap before
{Heap before GC invocations=9 (full 1):
 PSYoungGen      total 72704K, used 4828K [0x00000000e0000000, 0x00000000e4e00000, 0x0000000100000000)
  eden space 65536K, 0% used [0x00000000e0000000,0x00000000e0000000,0x00000000e4000000)
  from space 7168K, 67% used [0x00000000e4700000,0x00000000e4bb7198,0x00000000e4e00000)
  to   space 7168K, 0% used [0x00000000e4000000,0x00000000e4000000,0x00000000e4700000)
 ParOldGen       total 44032K, used 8092K [0x00000000a0000000, 0x00000000a2b00000, 0x00000000e0000000)
  object space 44032K, 18% used [0x00000000a0000000,0x00000000a07e72b0,0x00000000a2b00000)
 Metaspace       used 20775K, capacity 21168K, committed 21248K, reserved 1067008K
  class space    used 2882K, capacity 3007K, committed 3072K, reserved 1048576K
Event: 4.304 GC heap after
Heap after GC invocations=9 (full 1):
 PSYoungGen      total 72704K, used 0K [0x00000000e0000000, 0x00000000e4e00000, 0x0000000100000000)
  eden space 65536K, 0% used [0x00000000e0000000,0x00000000e0000000,0x00000000e4000000)
  from space 7168K, 0% used [0x00000000e4700000,0x00000000e4700000,0x00000000e4e00000)
  to   space 7168K, 0% used [0x00000000e4000000,0x00000000e4000000,0x00000000e4700000)
 ParOldGen       total 33280K, used 8098K [0x00000000a0000000, 0x00000000a2080000, 0x00000000e0000000)
  object space 33280K, 24% used [0x00000000a0000000,0x00000000a07e8830,0x00000000a2080000)
 Metaspace       used 20775K, capacity 21168K, committed 21248K, reserved 1067008K
  class space    used 2882K, capacity 3007K, committed 3072K, reserved 1048576K
}
Event: 5.590 GC heap before
{Heap before GC invocations=10 (full 1):
 PSYoungGen      total 72704K, used 65536K [0x00000000e0000000, 0x00000000e4e00000, 0x0000000100000000)
  eden space 65536K, 100% used [0x00000000e0000000,0x00000000e4000000,0x00000000e4000000)
  from space 7168K, 0% used [0x00000000e4700000,0x00000000e4700000,0x00000000e4e00000)
  to   space 7168K, 0% used [0x00000000e4000000,0x00000000e4000000,0x00000000e4700000)
 ParOldGen       total 33280K, used 8098K [0x00000000a0000000, 0x00000000a2080000, 0x00000000e0000000)
  object space 33280K, 24% used [0x00000000a0000000,0x00000000a07e8830,0x00000000a2080000)
 Metaspace       used 26068K, capacity 26528K, committed 26624K, reserved 1073152K
  class space    used 3631K, capacity 3805K, committed 3840K, reserved 1048576K
Event: 5.599 GC heap after
Heap after GC invocations=10 (full 1):
 PSYoungGen      total 72704K, used 7015K [0x00000000e0000000, 0x00000000e6600000, 0x0000000100000000)
  eden space 65536K, 0% used [0x00000000e0000000,0x00000000e0000000,0x00000000e4000000)
  from space 7168K, 97% used [0x00000000e4000000,0x00000000e46d9fa8,0x00000000e4700000)
  to   space 7680K, 0% used [0x00000000e5e80000,0x00000000e5e80000,0x00000000e6600000)
 ParOldGen       total 33280K, used 8106K [0x00000000a0000000, 0x00000000a2080000, 0x00000000e0000000)
  object space 33280K, 24% used [0x00000000a0000000,0x00000000a07ea830,0x00000000a2080000)
 Metaspace       used 26068K, capacity 26528K, committed 26624K, reserved 1073152K
  class space    used 3631K, capacity 3805K, committed 3840K, reserved 1048576K
}
Event: 6.757 GC heap before
{Heap before GC invocations=11 (full 1):
 PSYoungGen      total 72704K, used 72551K [0x00000000e0000000, 0x00000000e6600000, 0x0000000100000000)
  eden space 65536K, 100% used [0x00000000e0000000,0x00000000e4000000,0x00000000e4000000)
  from space 7168K, 97% used [0x00000000e4000000,0x00000000e46d9fa8,0x00000000e4700000)
  to   space 7680K, 0% used [0x00000000e5e80000,0x00000000e5e80000,0x00000000e6600000)
 ParOldGen       total 33280K, used 8106K [0x00000000a0000000, 0x00000000a2080000, 0x00000000e0000000)
  object space 33280K, 24% used [0x00000000a0000000,0x00000000a07ea830,0x00000000a2080000)
 Metaspace       used 30259K, capacity 30960K, committed 31104K, reserved 1075200K
  class space    used 4248K, capacity 4449K, committed 4480K, reserved 1048576K
Event: 6.775 GC heap after
Heap after GC invocations=11 (full 1):
 PSYoungGen      total 94720K, used 7656K [0x00000000e0000000, 0x00000000e6980000, 0x0000000100000000)
  eden space 87040K, 0% used [0x00000000e0000000,0x00000000e0000000,0x00000000e5500000)
  from space 7680K, 99% used [0x00000000e5e80000,0x00000000e65fa2c0,0x00000000e6600000)
  to   space 9728K, 0% used [0x00000000e5500000,0x00000000e5500000,0x00000000e5e80000)
 ParOldGen       total 33280K, used 10500K [0x00000000a0000000, 0x00000000a2080000, 0x00000000e0000000)
  object space 33280K, 31% used [0x00000000a0000000,0x00000000a0a41280,0x00000000a2080000)
 Metaspace       used 30259K, capacity 30960K, committed 31104K, reserved 1075200K
  class space    used 4248K, capacity 4449K, committed 4480K, reserved 1048576K
}
Event: 8.213 GC heap before
{Heap before GC invocations=12 (full 1):
 PSYoungGen      total 94720K, used 43392K [0x00000000e0000000, 0x00000000e6980000, 0x0000000100000000)
  eden space 87040K, 41% used [0x00000000e0000000,0x00000000e22e5df8,0x00000000e5500000)
  from space 7680K, 99% used [0x00000000e5e80000,0x00000000e65fa2c0,0x00000000e6600000)
  to   space 9728K, 0% used [0x00000000e5500000,0x00000000e5500000,0x00000000e5e80000)
 ParOldGen       total 33280K, used 10500K [0x00000000a0000000, 0x00000000a2080000, 0x00000000e0000000)
  object space 33280K, 31% used [0x00000000a0000000,0x00000000a0a41280,0x00000000a2080000)
 Metaspace       used 34525K, capacity 35300K, committed 35416K, reserved 1079296K
  class space    used 4827K, capacity 5091K, committed 5120K, reserved 1048576K
Event: 8.237 GC heap after
Heap after GC invocations=12 (full 1):
 PSYoungGen      total 96768K, used 4438K [0x00000000e0000000, 0x00000000e6980000, 0x0000000100000000)
  eden space 87040K, 0% used [0x00000000e0000000,0x00000000e0000000,0x00000000e5500000)
  from space 9728K, 45% used [0x00000000e5500000,0x00000000e5955890,0x00000000e5e80000)
  to   space 7680K, 0% used [0x00000000e5e80000,0x00000000e5e80000,0x00000000e6600000)
 ParOldGen       total 33280K, used 17137K [0x00000000a0000000, 0x00000000a2080000, 0x00000000e0000000)
  object space 33280K, 51% used [0x00000000a0000000,0x00000000a10bc510,0x00000000a2080000)
 Metaspace       used 34525K, capacity 35300K, committed 35416K, reserved 1079296K
  class space    used 4827K, capacity 5091K, committed 5120K, reserved 1048576K
}
Event: 8.237 GC heap before
{Heap before GC invocations=13 (full 2):
 PSYoungGen      total 96768K, used 4438K [0x00000000e0000000, 0x00000000e6980000, 0x0000000100000000)
  eden space 87040K, 0% used [0x00000000e0000000,0x00000000e0000000,0x00000000e5500000)
  from space 9728K, 45% used [0x00000000e5500000,0x00000000e5955890,0x00000000e5e80000)
  to   space 7680K, 0% used [0x00000000e5e80000,0x00000000e5e80000,0x00000000e6600000)
 ParOldGen       total 33280K, used 17137K [0x00000000a0000000, 0x00000000a2080000, 0x00000000e0000000)
  object space 33280K, 51% used [0x00000000a0000000,0x00000000a10bc510,0x00000000a2080000)
 Metaspace       used 34525K, capacity 35300K, committed 35416K, reserved 1079296K
  class space    used 4827K, capacity 5091K, committed 5120K, reserved 1048576K
Event: 8.335 GC heap after
Heap after GC invocations=13 (full 2):
 PSYoungGen      total 96768K, used 0K [0x00000000e0000000, 0x00000000e6980000, 0x0000000100000000)
  eden space 87040K, 0% used [0x00000000e0000000,0x00000000e0000000,0x00000000e5500000)
  from space 9728K, 0% used [0x00000000e5500000,0x00000000e5500000,0x00000000e5e80000)
  to   space 7680K, 0% used [0x00000000e5e80000,0x00000000e5e80000,0x00000000e6600000)
 ParOldGen       total 33280K, used 17710K [0x00000000a0000000, 0x00000000a2080000, 0x00000000e0000000)
  object space 33280K, 53% used [0x00000000a0000000,0x00000000a114b9b8,0x00000000a2080000)
 Metaspace       used 34525K, capacity 35300K, committed 35416K, reserved 1079296K
  class space    used 4827K, capacity 5091K, committed 5120K, reserved 1048576K
}

