# JRE version: OpenJDK Runtime Environment (8.0_152-b02) (build 1.8.0_152-release-1024-b02)
# Java VM: OpenJDK 64-Bit Server VM (25.152-b02 mixed mode windows-amd64 compressed oops)
Heap:
 PSYoungGen      total 108544K, used 53266K [0x00000000e0000000, 0x00000000e7a00000, 0x0000000100000000)
  eden space 95232K, 55% used [0x00000000e0000000,0x00000000e34048f0,0x00000000e5d00000)
  from space 13312K, 0% used [0x00000000e6a00000,0x00000000e6a00000,0x00000000e7700000)
  to   space 13312K, 0% used [0x00000000e5d00000,0x00000000e5d00000,0x00000000e6a00000)
 ParOldGen       total 64000K, used 43886K [0x00000000a0000000, 0x00000000a3e80000, 0x00000000e0000000)
  object space 64000K, 68% used [0x00000000a0000000,0x00000000a2adb9c8,0x00000000a3e80000)
 Metaspace       used 59773K, capacity 61958K, committed 62208K, reserved 1103872K
  class space    used 8066K, capacity 8648K, committed 8704K, reserved 1048576K
GC Heap History (10 events):
Event: 16.659 GC heap before
{Heap before GC invocations=19 (full 2):
 PSYoungGen      total 81920K, used 81901K [0x00000000e0000000, 0x00000000e5e00000, 0x0000000100000000)
  eden space 72704K, 100% used [0x00000000e0000000,0x00000000e4700000,0x00000000e4700000)
  from space 9216K, 99% used [0x00000000e5200000,0x00000000e5afb7f8,0x00000000e5b00000)
  to   space 11264K, 0% used [0x00000000e4700000,0x00000000e4700000,0x00000000e5200000)
 ParOldGen       total 64000K, used 23502K [0x00000000a0000000, 0x00000000a3e80000, 0x00000000e0000000)
  object space 64000K, 36% used [0x00000000a0000000,0x00000000a16f39a8,0x00000000a3e80000)
 Metaspace       used 52711K, capacity 54368K, committed 54656K, reserved 1095680K
  class space    used 7276K, capacity 7725K, committed 7808K, reserved 1048576K
Event: 16.691 GC heap after
Heap after GC invocations=19 (full 2):
 PSYoungGen      total 83968K, used 8127K [0x00000000e0000000, 0x00000000e6880000, 0x0000000100000000)
  eden space 72704K, 0% used [0x00000000e0000000,0x00000000e0000000,0x00000000e4700000)
  from space 11264K, 72% used [0x00000000e4700000,0x00000000e4eefe88,0x00000000e5200000)
  to   space 11776K, 0% used [0x00000000e5d00000,0x00000000e5d00000,0x00000000e6880000)
 ParOldGen       total 64000K, used 30202K [0x00000000a0000000, 0x00000000a3e80000, 0x00000000e0000000)
  object space 64000K, 47% used [0x00000000a0000000,0x00000000a1d7e8f8,0x00000000a3e80000)
 Metaspace       used 52711K, capacity 54368K, committed 54656K, reserved 1095680K
  class space    used 7276K, capacity 7725K, committed 7808K, reserved 1048576K
}
Event: 17.524 GC heap before
{Heap before GC invocations=20 (full 2):
 PSYoungGen      total 83968K, used 80831K [0x00000000e0000000, 0x00000000e6880000, 0x0000000100000000)
  eden space 72704K, 100% used [0x00000000e0000000,0x00000000e4700000,0x00000000e4700000)
  from space 11264K, 72% used [0x00000000e4700000,0x00000000e4eefe88,0x00000000e5200000)
  to   space 11776K, 0% used [0x00000000e5d00000,0x00000000e5d00000,0x00000000e6880000)
 ParOldGen       total 64000K, used 30202K [0x00000000a0000000, 0x00000000a3e80000, 0x00000000e0000000)
  object space 64000K, 47% used [0x00000000a0000000,0x00000000a1d7e8f8,0x00000000a3e80000)
 Metaspace       used 53830K, capacity 55620K, committed 55808K, reserved 1097728K
  class space    used 7424K, capacity 7869K, committed 7936K, reserved 1048576K
Event: 17.563 GC heap after
Heap after GC invocations=20 (full 2):
 PSYoungGen      total 93184K, used 11744K [0x00000000e0000000, 0x00000000e6f00000, 0x0000000100000000)
  eden space 81408K, 0% used [0x00000000e0000000,0x00000000e0000000,0x00000000e4f80000)
  from space 11776K, 99% used [0x00000000e5d00000,0x00000000e6878020,0x00000000e6880000)
  to   space 13824K, 0% used [0x00000000e4f80000,0x00000000e4f80000,0x00000000e5d00000)
 ParOldGen       total 64000K, used 31912K [0x00000000a0000000, 0x00000000a3e80000, 0x00000000e0000000)
  object space 64000K, 49% used [0x00000000a0000000,0x00000000a1f2a050,0x00000000a3e80000)
 Metaspace       used 53830K, capacity 55620K, committed 55808K, reserved 1097728K
  class space    used 7424K, capacity 7869K, committed 7936K, reserved 1048576K
}
Event: 25.346 GC heap before
{Heap before GC invocations=21 (full 2):
 PSYoungGen      total 93184K, used 93152K [0x00000000e0000000, 0x00000000e6f00000, 0x0000000100000000)
  eden space 81408K, 100% used [0x00000000e0000000,0x00000000e4f80000,0x00000000e4f80000)
  from space 11776K, 99% used [0x00000000e5d00000,0x00000000e6878020,0x00000000e6880000)
  to   space 13824K, 0% used [0x00000000e4f80000,0x00000000e4f80000,0x00000000e5d00000)
 ParOldGen       total 64000K, used 31912K [0x00000000a0000000, 0x00000000a3e80000, 0x00000000e0000000)
  object space 64000K, 49% used [0x00000000a0000000,0x00000000a1f2a050,0x00000000a3e80000)
 Metaspace       used 55811K, capacity 57652K, committed 57856K, reserved 1099776K
  class space    used 7673K, capacity 8189K, committed 8192K, reserved 1048576K
Event: 25.413 GC heap after
Heap after GC invocations=21 (full 2):
 PSYoungGen      total 95232K, used 7623K [0x00000000e0000000, 0x00000000e7700000, 0x0000000100000000)
  eden space 81408K, 0% used [0x00000000e0000000,0x00000000e0000000,0x00000000e4f80000)
  from space 13824K, 55% used [0x00000000e4f80000,0x00000000e56f1fd8,0x00000000e5d00000)
  to   space 13312K, 0% used [0x00000000e6a00000,0x00000000e6a00000,0x00000000e7700000)
 ParOldGen       total 64000K, used 43714K [0x00000000a0000000, 0x00000000a3e80000, 0x00000000e0000000)
  object space 64000K, 68% used [0x00000000a0000000,0x00000000a2ab08f0,0x00000000a3e80000)
 Metaspace       used 55811K, capacity 57652K, committed 57856K, reserved 1099776K
  class space    used 7673K, capacity 8189K, committed 8192K, reserved 1048576K
}
Event: 26.133 GC heap before
{Heap before GC invocations=22 (full 2):
 PSYoungGen      total 95232K, used 20589K [0x00000000e0000000, 0x00000000e7700000, 0x0000000100000000)
  eden space 81408K, 15% used [0x00000000e0000000,0x00000000e0ca95e8,0x00000000e4f80000)
  from space 13824K, 55% used [0x00000000e4f80000,0x00000000e56f1fd8,0x00000000e5d00000)
  to   space 13312K, 0% used [0x00000000e6a00000,0x00000000e6a00000,0x00000000e7700000)
 ParOldGen       total 64000K, used 43714K [0x00000000a0000000, 0x00000000a3e80000, 0x00000000e0000000)
  object space 64000K, 68% used [0x00000000a0000000,0x00000000a2ab08f0,0x00000000a3e80000)
 Metaspace       used 56873K, capacity 58860K, committed 59028K, reserved 1099776K
  class space    used 7796K, capacity 8343K, committed 8448K, reserved 1048576K
Event: 26.173 GC heap after
Heap after GC invocations=22 (full 2):
 PSYoungGen      total 108544K, used 8076K [0x00000000e0000000, 0x00000000e7a00000, 0x0000000100000000)
  eden space 95232K, 0% used [0x00000000e0000000,0x00000000e0000000,0x00000000e5d00000)
  from space 13312K, 60% used [0x00000000e6a00000,0x00000000e71e3298,0x00000000e7700000)
  to   space 13312K, 0% used [0x00000000e5d00000,0x00000000e5d00000,0x00000000e6a00000)
 ParOldGen       total 64000K, used 43722K [0x00000000a0000000, 0x00000000a3e80000, 0x00000000e0000000)
  object space 64000K, 68% used [0x00000000a0000000,0x00000000a2ab28f0,0x00000000a3e80000)
 Metaspace       used 56873K, capacity 58860K, committed 59028K, reserved 1099776K
  class space    used 7796K, capacity 8343K, committed 8448K, reserved 1048576K
}
Event: 26.173 GC heap before
{Heap before GC invocations=23 (full 3):
 PSYoungGen      total 108544K, used 8076K [0x00000000e0000000, 0x00000000e7a00000, 0x0000000100000000)
  eden space 95232K, 0% used [0x00000000e0000000,0x00000000e0000000,0x00000000e5d00000)
  from space 13312K, 60% used [0x00000000e6a00000,0x00000000e71e3298,0x00000000e7700000)
  to   space 13312K, 0% used [0x00000000e5d00000,0x00000000e5d00000,0x00000000e6a00000)
 ParOldGen       total 64000K, used 43722K [0x00000000a0000000, 0x00000000a3e80000, 0x00000000e0000000)
  object space 64000K, 68% used [0x00000000a0000000,0x00000000a2ab28f0,0x00000000a3e80000)
 Metaspace       used 56873K, capacity 58860K, committed 59028K, reserved 1099776K
  class space    used 7796K, capacity 8343K, committed 8448K, reserved 1048576K
Event: 26.695 GC heap after
Heap after GC invocations=23 (full 3):
 PSYoungGen      total 108544K, used 0K [0x00000000e0000000, 0x00000000e7a00000, 0x0000000100000000)
  eden space 95232K, 0% used [0x00000000e0000000,0x00000000e0000000,0x00000000e5d00000)
  from space 13312K, 0% used [0x00000000e6a00000,0x00000000e6a00000,0x00000000e7700000)
  to   space 13312K, 0% used [0x00000000e5d00000,0x00000000e5d00000,0x00000000e6a00000)
 ParOldGen       total 64000K, used 43886K [0x00000000a0000000, 0x00000000a3e80000, 0x00000000e0000000)
  object space 64000K, 68% used [0x00000000a0000000,0x00000000a2adb9c8,0x00000000a3e80000)
 Metaspace       used 56873K, capacity 58860K, committed 59028K, reserved 1099776K
  class space    used 7796K, capacity 8343K, committed 8448K, reserved 1048576K
}

