# JRE version: OpenJDK Runtime Environment (8.0_152-b02) (build 1.8.0_152-release-1024-b02)
# Java VM: OpenJDK 64-Bit Server VM (25.152-b02 mixed mode windows-amd64 compressed oops)
Heap:
 PSYoungGen      total 70144K, used 46887K [0x00000000eab00000, 0x00000000f1e00000, 0x0000000100000000)
  eden space 63488K, 63% used [0x00000000eab00000,0x00000000ed24ad10,0x00000000ee900000)
  from space 6656K, 99% used [0x00000000ef180000,0x00000000ef7ff220,0x00000000ef800000)
  to   space 8704K, 0% used [0x00000000ee900000,0x00000000ee900000,0x00000000ef180000)
 ParOldGen       total 36352K, used 9226K [0x00000000c0000000, 0x00000000c2380000, 0x00000000eab00000)
  object space 36352K, 25% used [0x00000000c0000000,0x00000000c0902a90,0x00000000c2380000)
 Metaspace       used 29014K, capacity 29642K, committed 29952K, reserved 1075200K
  class space    used 4045K, capacity 4244K, committed 4352K, reserved 1048576K
GC Heap History (10 events):
Event: 3.075 GC heap before
{Heap before GC invocations=5 (full 0):
 PSYoungGen      total 35328K, used 35320K [0x00000000eab00000, 0x00000000ed000000, 0x0000000100000000)
  eden space 32768K, 100% used [0x00000000eab00000,0x00000000ecb00000,0x00000000ecb00000)
  from space 2560K, 99% used [0x00000000ecd80000,0x00000000ecffe030,0x00000000ed000000)
  to   space 2560K, 0% used [0x00000000ecb00000,0x00000000ecb00000,0x00000000ecd80000)
 ParOldGen       total 44032K, used 3776K [0x00000000c0000000, 0x00000000c2b00000, 0x00000000eab00000)
  object space 44032K, 8% used [0x00000000c0000000,0x00000000c03b0060,0x00000000c2b00000)
 Metaspace       used 14461K, capacity 14774K, committed 14976K, reserved 1062912K
  class space    used 2015K, capacity 2123K, committed 2176K, reserved 1048576K
Event: 3.084 GC heap after
Heap after GC invocations=5 (full 0):
 PSYoungGen      total 35328K, used 2536K [0x00000000eab00000, 0x00000000ef800000, 0x0000000100000000)
  eden space 32768K, 0% used [0x00000000eab00000,0x00000000eab00000,0x00000000ecb00000)
  from space 2560K, 99% used [0x00000000ecb00000,0x00000000ecd7a040,0x00000000ecd80000)
  to   space 6656K, 0% used [0x00000000ef180000,0x00000000ef180000,0x00000000ef800000)
 ParOldGen       total 44032K, used 7501K [0x00000000c0000000, 0x00000000c2b00000, 0x00000000eab00000)
  object space 44032K, 17% used [0x00000000c0000000,0x00000000c0753758,0x00000000c2b00000)
 Metaspace       used 14461K, capacity 14774K, committed 14976K, reserved 1062912K
  class space    used 2015K, capacity 2123K, committed 2176K, reserved 1048576K
}
Event: 3.696 GC heap before
{Heap before GC invocations=6 (full 0):
 PSYoungGen      total 35328K, used 35304K [0x00000000eab00000, 0x00000000ef800000, 0x0000000100000000)
  eden space 32768K, 100% used [0x00000000eab00000,0x00000000ecb00000,0x00000000ecb00000)
  from space 2560K, 99% used [0x00000000ecb00000,0x00000000ecd7a040,0x00000000ecd80000)
  to   space 6656K, 0% used [0x00000000ef180000,0x00000000ef180000,0x00000000ef800000)
 ParOldGen       total 44032K, used 7501K [0x00000000c0000000, 0x00000000c2b00000, 0x00000000eab00000)
  object space 44032K, 17% used [0x00000000c0000000,0x00000000c0753758,0x00000000c2b00000)
 Metaspace       used 17585K, capacity 18026K, committed 18048K, reserved 1064960K
  class space    used 2536K, capacity 2685K, committed 2688K, reserved 1048576K
Event: 3.714 GC heap after
Heap after GC invocations=6 (full 0):
 PSYoungGen      total 71168K, used 6593K [0x00000000eab00000, 0x00000000efa00000, 0x0000000100000000)
  eden space 64512K, 0% used [0x00000000eab00000,0x00000000eab00000,0x00000000eea00000)
  from space 6656K, 99% used [0x00000000ef180000,0x00000000ef7f0750,0x00000000ef800000)
  to   space 7680K, 0% used [0x00000000eea00000,0x00000000eea00000,0x00000000ef180000)
 ParOldGen       total 44032K, used 7509K [0x00000000c0000000, 0x00000000c2b00000, 0x00000000eab00000)
  object space 44032K, 17% used [0x00000000c0000000,0x00000000c0755758,0x00000000c2b00000)
 Metaspace       used 17585K, capacity 18026K, committed 18048K, reserved 1064960K
  class space    used 2536K, capacity 2685K, committed 2688K, reserved 1048576K
}
Event: 4.129 GC heap before
{Heap before GC invocations=7 (full 0):
 PSYoungGen      total 71168K, used 21573K [0x00000000eab00000, 0x00000000efa00000, 0x0000000100000000)
  eden space 64512K, 23% used [0x00000000eab00000,0x00000000eb9a0ef8,0x00000000eea00000)
  from space 6656K, 99% used [0x00000000ef180000,0x00000000ef7f0750,0x00000000ef800000)
  to   space 7680K, 0% used [0x00000000eea00000,0x00000000eea00000,0x00000000ef180000)
 ParOldGen       total 44032K, used 7509K [0x00000000c0000000, 0x00000000c2b00000, 0x00000000eab00000)
  object space 44032K, 17% used [0x00000000c0000000,0x00000000c0755758,0x00000000c2b00000)
 Metaspace       used 20776K, capacity 21168K, committed 21248K, reserved 1067008K
  class space    used 2883K, capacity 3007K, committed 3072K, reserved 1048576K
Event: 4.139 GC heap after
Heap after GC invocations=7 (full 0):
 PSYoungGen      total 72192K, used 5604K [0x00000000eab00000, 0x00000000efa00000, 0x0000000100000000)
  eden space 64512K, 0% used [0x00000000eab00000,0x00000000eab00000,0x00000000eea00000)
  from space 7680K, 72% used [0x00000000eea00000,0x00000000eef791e8,0x00000000ef180000)
  to   space 6656K, 0% used [0x00000000ef180000,0x00000000ef180000,0x00000000ef800000)
 ParOldGen       total 44032K, used 8373K [0x00000000c0000000, 0x00000000c2b00000, 0x00000000eab00000)
  object space 44032K, 19% used [0x00000000c0000000,0x00000000c082d7a8,0x00000000c2b00000)
 Metaspace       used 20776K, capacity 21168K, committed 21248K, reserved 1067008K
  class space    used 2883K, capacity 3007K, committed 3072K, reserved 1048576K
}
Event: 4.139 GC heap before
{Heap before GC invocations=8 (full 1):
 PSYoungGen      total 72192K, used 5604K [0x00000000eab00000, 0x00000000efa00000, 0x0000000100000000)
  eden space 64512K, 0% used [0x00000000eab00000,0x00000000eab00000,0x00000000eea00000)
  from space 7680K, 72% used [0x00000000eea00000,0x00000000eef791e8,0x00000000ef180000)
  to   space 6656K, 0% used [0x00000000ef180000,0x00000000ef180000,0x00000000ef800000)
 ParOldGen       total 44032K, used 8373K [0x00000000c0000000, 0x00000000c2b00000, 0x00000000eab00000)
  object space 44032K, 19% used [0x00000000c0000000,0x00000000c082d7a8,0x00000000c2b00000)
 Metaspace       used 20776K, capacity 21168K, committed 21248K, reserved 1067008K
  class space    used 2883K, capacity 3007K, committed 3072K, reserved 1048576K
Event: 4.191 GC heap after
Heap after GC invocations=8 (full 1):
 PSYoungGen      total 72192K, used 0K [0x00000000eab00000, 0x00000000efa00000, 0x0000000100000000)
  eden space 64512K, 0% used [0x00000000eab00000,0x00000000eab00000,0x00000000eea00000)
  from space 7680K, 0% used [0x00000000eea00000,0x00000000eea00000,0x00000000ef180000)
  to   space 6656K, 0% used [0x00000000ef180000,0x00000000ef180000,0x00000000ef800000)
 ParOldGen       total 36352K, used 9218K [0x00000000c0000000, 0x00000000c2380000, 0x00000000eab00000)
  object space 36352K, 25% used [0x00000000c0000000,0x00000000c0900a90,0x00000000c2380000)
 Metaspace       used 20776K, capacity 21168K, committed 21248K, reserved 1067008K
  class space    used 2883K, capacity 3007K, committed 3072K, reserved 1048576K
}
Event: 5.509 GC heap before
{Heap before GC invocations=9 (full 1):
 PSYoungGen      total 72192K, used 64512K [0x00000000eab00000, 0x00000000efa00000, 0x0000000100000000)
  eden space 64512K, 100% used [0x00000000eab00000,0x00000000eea00000,0x00000000eea00000)
  from space 7680K, 0% used [0x00000000eea00000,0x00000000eea00000,0x00000000ef180000)
  to   space 6656K, 0% used [0x00000000ef180000,0x00000000ef180000,0x00000000ef800000)
 ParOldGen       total 36352K, used 9218K [0x00000000c0000000, 0x00000000c2380000, 0x00000000eab00000)
  object space 36352K, 25% used [0x00000000c0000000,0x00000000c0900a90,0x00000000c2380000)
 Metaspace       used 26060K, capacity 26592K, committed 26880K, reserved 1073152K
  class space    used 3630K, capacity 3805K, committed 3840K, reserved 1048576K
Event: 5.517 GC heap after
Heap after GC invocations=9 (full 1):
 PSYoungGen      total 70144K, used 6652K [0x00000000eab00000, 0x00000000f1e00000, 0x0000000100000000)
  eden space 63488K, 0% used [0x00000000eab00000,0x00000000eab00000,0x00000000ee900000)
  from space 6656K, 99% used [0x00000000ef180000,0x00000000ef7ff220,0x00000000ef800000)
  to   space 8704K, 0% used [0x00000000ee900000,0x00000000ee900000,0x00000000ef180000)
 ParOldGen       total 36352K, used 9226K [0x00000000c0000000, 0x00000000c2380000, 0x00000000eab00000)
  object space 36352K, 25% used [0x00000000c0000000,0x00000000c0902a90,0x00000000c2380000)
 Metaspace       used 26060K, capacity 26592K, committed 26880K, reserved 1073152K
  class space    used 3630K, capacity 3805K, committed 3840K, reserved 1048576K
}

