# JRE version: OpenJDK Runtime Environment (8.0_152-b02) (build 1.8.0_152-release-1024-b02)
# Java VM: OpenJDK 64-Bit Server VM (25.152-b02 mixed mode windows-amd64 compressed oops)
Heap:
 PSYoungGen      total 139776K, used 63407K [0x00000000e0000000, 0x00000000eb700000, 0x0000000100000000)
  eden space 129024K, 40% used [0x00000000e0000000,0x00000000e3371930,0x00000000e7e00000)
  from space 10752K, 99% used [0x00000000e7e00000,0x00000000e887a3a8,0x00000000e8880000)
  to   space 14848K, 0% used [0x00000000ea880000,0x00000000ea880000,0x00000000eb700000)
 ParOldGen       total 51712K, used 25881K [0x00000000a0000000, 0x00000000a3280000, 0x00000000e0000000)
  object space 51712K, 50% used [0x00000000a0000000,0x00000000a1946728,0x00000000a3280000)
 Metaspace       used 54083K, capacity 55854K, committed 56064K, reserved 1097728K
  class space    used 7456K, capacity 7895K, committed 7936K, reserved 1048576K
GC Heap History (10 events):
Event: 20.386 GC heap before
{Heap before GC invocations=11 (full 1):
 PSYoungGen      total 72704K, used 72491K [0x00000000e0000000, 0x00000000e6c00000, 0x0000000100000000)
  eden space 65536K, 100% used [0x00000000e0000000,0x00000000e4000000,0x00000000e4000000)
  from space 7168K, 97% used [0x00000000e4000000,0x00000000e46cac90,0x00000000e4700000)
  to   space 7680K, 0% used [0x00000000e6480000,0x00000000e6480000,0x00000000e6c00000)
 ParOldGen       total 32256K, used 9210K [0x00000000a0000000, 0x00000000a1f80000, 0x00000000e0000000)
  object space 32256K, 28% used [0x00000000a0000000,0x00000000a08feb48,0x00000000a1f80000)
 Metaspace       used 30429K, capacity 31024K, committed 31104K, reserved 1075200K
  class space    used 4268K, capacity 4449K, committed 4480K, reserved 1048576K
Event: 20.410 GC heap after
Heap after GC invocations=11 (full 1):
 PSYoungGen      total 100864K, used 7667K [0x00000000e0000000, 0x00000000e6e00000, 0x0000000100000000)
  eden space 93184K, 0% used [0x00000000e0000000,0x00000000e0000000,0x00000000e5b00000)
  from space 7680K, 99% used [0x00000000e6480000,0x00000000e6bfcec0,0x00000000e6c00000)
  to   space 9728K, 0% used [0x00000000e5b00000,0x00000000e5b00000,0x00000000e6480000)
 ParOldGen       total 32256K, used 11783K [0x00000000a0000000, 0x00000000a1f80000, 0x00000000e0000000)
  object space 32256K, 36% used [0x00000000a0000000,0x00000000a0b81f00,0x00000000a1f80000)
 Metaspace       used 30429K, capacity 31024K, committed 31104K, reserved 1075200K
  class space    used 4268K, capacity 4449K, committed 4480K, reserved 1048576K
}
Event: 24.919 GC heap before
{Heap before GC invocations=12 (full 1):
 PSYoungGen      total 100864K, used 40776K [0x00000000e0000000, 0x00000000e6e00000, 0x0000000100000000)
  eden space 93184K, 35% used [0x00000000e0000000,0x00000000e2055398,0x00000000e5b00000)
  from space 7680K, 99% used [0x00000000e6480000,0x00000000e6bfcec0,0x00000000e6c00000)
  to   space 9728K, 0% used [0x00000000e5b00000,0x00000000e5b00000,0x00000000e6480000)
 ParOldGen       total 32256K, used 11783K [0x00000000a0000000, 0x00000000a1f80000, 0x00000000e0000000)
  object space 32256K, 36% used [0x00000000a0000000,0x00000000a0b81f00,0x00000000a1f80000)
 Metaspace       used 34487K, capacity 35300K, committed 35416K, reserved 1079296K
  class space    used 4811K, capacity 5091K, committed 5120K, reserved 1048576K
Event: 25.007 GC heap after
Heap after GC invocations=12 (full 1):
 PSYoungGen      total 102912K, used 4115K [0x00000000e0000000, 0x00000000e9300000, 0x0000000100000000)
  eden space 93184K, 0% used [0x00000000e0000000,0x00000000e0000000,0x00000000e5b00000)
  from space 9728K, 42% used [0x00000000e5b00000,0x00000000e5f04df0,0x00000000e6480000)
  to   space 9216K, 0% used [0x00000000e8a00000,0x00000000e8a00000,0x00000000e9300000)
 ParOldGen       total 32256K, used 18511K [0x00000000a0000000, 0x00000000a1f80000, 0x00000000e0000000)
  object space 32256K, 57% used [0x00000000a0000000,0x00000000a1213ea0,0x00000000a1f80000)
 Metaspace       used 34487K, capacity 35300K, committed 35416K, reserved 1079296K
  class space    used 4811K, capacity 5091K, committed 5120K, reserved 1048576K
}
Event: 25.007 GC heap before
{Heap before GC invocations=13 (full 2):
 PSYoungGen      total 102912K, used 4115K [0x00000000e0000000, 0x00000000e9300000, 0x0000000100000000)
  eden space 93184K, 0% used [0x00000000e0000000,0x00000000e0000000,0x00000000e5b00000)
  from space 9728K, 42% used [0x00000000e5b00000,0x00000000e5f04df0,0x00000000e6480000)
  to   space 9216K, 0% used [0x00000000e8a00000,0x00000000e8a00000,0x00000000e9300000)
 ParOldGen       total 32256K, used 18511K [0x00000000a0000000, 0x00000000a1f80000, 0x00000000e0000000)
  object space 32256K, 57% used [0x00000000a0000000,0x00000000a1213ea0,0x00000000a1f80000)
 Metaspace       used 34487K, capacity 35300K, committed 35416K, reserved 1079296K
  class space    used 4811K, capacity 5091K, committed 5120K, reserved 1048576K
Event: 25.316 GC heap after
Heap after GC invocations=13 (full 2):
 PSYoungGen      total 102912K, used 0K [0x00000000e0000000, 0x00000000e9300000, 0x0000000100000000)
  eden space 93184K, 0% used [0x00000000e0000000,0x00000000e0000000,0x00000000e5b00000)
  from space 9728K, 0% used [0x00000000e5b00000,0x00000000e5b00000,0x00000000e6480000)
  to   space 9216K, 0% used [0x00000000e8a00000,0x00000000e8a00000,0x00000000e9300000)
 ParOldGen       total 51712K, used 17394K [0x00000000a0000000, 0x00000000a3280000, 0x00000000e0000000)
  object space 51712K, 33% used [0x00000000a0000000,0x00000000a10fc918,0x00000000a3280000)
 Metaspace       used 34487K, capacity 35300K, committed 35416K, reserved 1079296K
  class space    used 4811K, capacity 5091K, committed 5120K, reserved 1048576K
}
Event: 34.144 GC heap before
{Heap before GC invocations=14 (full 2):
 PSYoungGen      total 102912K, used 93184K [0x00000000e0000000, 0x00000000e9300000, 0x0000000100000000)
  eden space 93184K, 100% used [0x00000000e0000000,0x00000000e5b00000,0x00000000e5b00000)
  from space 9728K, 0% used [0x00000000e5b00000,0x00000000e5b00000,0x00000000e6480000)
  to   space 9216K, 0% used [0x00000000e8a00000,0x00000000e8a00000,0x00000000e9300000)
 ParOldGen       total 51712K, used 17394K [0x00000000a0000000, 0x00000000a3280000, 0x00000000e0000000)
  object space 51712K, 33% used [0x00000000a0000000,0x00000000a10fc918,0x00000000a3280000)
 Metaspace       used 40906K, capacity 41846K, committed 41984K, reserved 1085440K
  class space    used 5569K, capacity 5856K, committed 5888K, reserved 1048576K
Event: 34.169 GC heap after
Heap after GC invocations=14 (full 2):
 PSYoungGen      total 132096K, used 9208K [0x00000000e0000000, 0x00000000e9300000, 0x0000000100000000)
  eden space 122880K, 0% used [0x00000000e0000000,0x00000000e0000000,0x00000000e7800000)
  from space 9216K, 99% used [0x00000000e8a00000,0x00000000e92fe2d8,0x00000000e9300000)
  to   space 10752K, 0% used [0x00000000e7e00000,0x00000000e7e00000,0x00000000e8880000)
 ParOldGen       total 51712K, used 18619K [0x00000000a0000000, 0x00000000a3280000, 0x00000000e0000000)
  object space 51712K, 36% used [0x00000000a0000000,0x00000000a122ed78,0x00000000a3280000)
 Metaspace       used 40906K, capacity 41846K, committed 41984K, reserved 1085440K
  class space    used 5569K, capacity 5856K, committed 5888K, reserved 1048576K
}
Event: 42.846 GC heap before
{Heap before GC invocations=15 (full 2):
 PSYoungGen      total 132096K, used 132088K [0x00000000e0000000, 0x00000000e9300000, 0x0000000100000000)
  eden space 122880K, 100% used [0x00000000e0000000,0x00000000e7800000,0x00000000e7800000)
  from space 9216K, 99% used [0x00000000e8a00000,0x00000000e92fe2d8,0x00000000e9300000)
  to   space 10752K, 0% used [0x00000000e7e00000,0x00000000e7e00000,0x00000000e8880000)
 ParOldGen       total 51712K, used 18619K [0x00000000a0000000, 0x00000000a3280000, 0x00000000e0000000)
  object space 51712K, 36% used [0x00000000a0000000,0x00000000a122ed78,0x00000000a3280000)
 Metaspace       used 51357K, capacity 52960K, committed 53120K, reserved 1095680K
  class space    used 7043K, capacity 7470K, committed 7552K, reserved 1048576K
Event: 42.875 GC heap after
Heap after GC invocations=15 (full 2):
 PSYoungGen      total 139776K, used 10728K [0x00000000e0000000, 0x00000000eb700000, 0x0000000100000000)
  eden space 129024K, 0% used [0x00000000e0000000,0x00000000e0000000,0x00000000e7e00000)
  from space 10752K, 99% used [0x00000000e7e00000,0x00000000e887a3a8,0x00000000e8880000)
  to   space 14848K, 0% used [0x00000000ea880000,0x00000000ea880000,0x00000000eb700000)
 ParOldGen       total 51712K, used 25881K [0x00000000a0000000, 0x00000000a3280000, 0x00000000e0000000)
  object space 51712K, 50% used [0x00000000a0000000,0x00000000a1946728,0x00000000a3280000)
 Metaspace       used 51357K, capacity 52960K, committed 53120K, reserved 1095680K
  class space    used 7043K, capacity 7470K, committed 7552K, reserved 1048576K
}

